{"c:\\Users\\Oana\\Documents\\_Pluralsight\\Angular-AlbumStoreProductPage\\e2e\\app.po.ts":{"path":"c:\\Users\\Oana\\Documents\\_Pluralsight\\Angular-AlbumStoreProductPage\\e2e\\app.po.ts","statementMap":{"0":{"start":{"line":5,"column":4},"end":{"line":5,"column":28}},"1":{"start":{"line":9,"column":4},"end":{"line":9,"column":52}}},"fnMap":{"0":{"name":"(anonymous_0)","decl":{"start":{"line":4,"column":2},"end":{"line":4,"column":3}},"loc":{"start":{"line":4,"column":15},"end":{"line":6,"column":3}},"line":4},"1":{"name":"(anonymous_1)","decl":{"start":{"line":8,"column":2},"end":{"line":8,"column":3}},"loc":{"start":{"line":8,"column":21},"end":{"line":10,"column":3}},"line":8}},"branchMap":{},"s":{"0":0,"1":0},"f":{"0":0,"1":0},"b":{},"all":true},"c:\\Users\\Oana\\Documents\\_Pluralsight\\Angular-AlbumStoreProductPage\\karma.conf.js":{"path":"c:\\Users\\Oana\\Documents\\_Pluralsight\\Angular-AlbumStoreProductPage\\karma.conf.js","statementMap":{"0":{"start":{"line":4,"column":13},"end":{"line":4,"column":55}},"1":{"start":{"line":5,"column":9},"end":{"line":5,"column":42}},"2":{"start":{"line":7,"column":0},"end":{"line":58,"column":2}},"3":{"start":{"line":8,"column":2},"end":{"line":57,"column":5}}},"fnMap":{"0":{"name":"(anonymous_0)","decl":{"start":{"line":7,"column":17},"end":{"line":7,"column":18}},"loc":{"start":{"line":7,"column":35},"end":{"line":58,"column":1}},"line":7}},"branchMap":{"0":{"loc":{"start":{"line":5,"column":9},"end":{"line":5,"column":42}},"type":"binary-expr","locations":[{"start":{"line":5,"column":10},"end":{"line":5,"column":28}},{"start":{"line":5,"column":33},"end":{"line":5,"column":42}}],"line":5},"1":{"loc":{"start":{"line":39,"column":15},"end":{"line":41,"column":24}},"type":"cond-expr","locations":[{"start":{"line":40,"column":16},"end":{"line":40,"column":49}},{"start":{"line":41,"column":16},"end":{"line":41,"column":24}}],"line":39},"2":{"loc":{"start":{"line":39,"column":15},"end":{"line":39,"column":66}},"type":"binary-expr","locations":[{"start":{"line":39,"column":15},"end":{"line":39,"column":32}},{"start":{"line":39,"column":36},"end":{"line":39,"column":66}}],"line":39}},"s":{"0":0,"1":0,"2":0,"3":0},"f":{"0":0},"b":{"0":[0,0],"1":[0,0],"2":[0,0]},"all":true},"c:\\Users\\Oana\\Documents\\_Pluralsight\\Angular-AlbumStoreProductPage\\protractor.conf.js":{"path":"c:\\Users\\Oana\\Documents\\_Pluralsight\\Angular-AlbumStoreProductPage\\protractor.conf.js","statementMap":{"0":{"start":{"line":4,"column":25},"end":{"line":4,"column":57}},"1":{"start":{"line":6,"column":0},"end":{"line":30,"column":2}},"2":{"start":{"line":23,"column":4},"end":{"line":25,"column":7}},"3":{"start":{"line":28,"column":4},"end":{"line":28,"column":90}}},"fnMap":{"0":{"name":"(anonymous_0)","decl":{"start":{"line":20,"column":11},"end":{"line":20,"column":12}},"loc":{"start":{"line":20,"column":22},"end":{"line":20,"column":24}},"line":20},"1":{"name":"(anonymous_1)","decl":{"start":{"line":22,"column":16},"end":{"line":22,"column":17}},"loc":{"start":{"line":22,"column":27},"end":{"line":26,"column":3}},"line":22},"2":{"name":"(anonymous_2)","decl":{"start":{"line":27,"column":2},"end":{"line":27,"column":3}},"loc":{"start":{"line":27,"column":14},"end":{"line":29,"column":3}},"line":27}},"branchMap":{},"s":{"0":0,"1":0,"2":0,"3":0},"f":{"0":0,"1":0,"2":0},"b":{},"all":true},"c:\\Users\\Oana\\Documents\\_Pluralsight\\Angular-AlbumStoreProductPage\\src\\app\\app.component.spec.ts":{"path":"c:\\Users\\Oana\\Documents\\_Pluralsight\\Angular-AlbumStoreProductPage\\src\\app\\app.component.spec.ts","statementMap":{"0":{"start":{"line":5,"column":0},"end":{"line":32,"column":3}},"1":{"start":{"line":6,"column":2},"end":{"line":12,"column":6}},"2":{"start":{"line":7,"column":4},"end":{"line":11,"column":27}},"3":{"start":{"line":14,"column":2},"end":{"line":18,"column":6}},"4":{"start":{"line":15,"column":20},"end":{"line":15,"column":57}},"5":{"start":{"line":16,"column":16},"end":{"line":16,"column":54}},"6":{"start":{"line":17,"column":4},"end":{"line":17,"column":29}},"7":{"start":{"line":20,"column":2},"end":{"line":24,"column":6}},"8":{"start":{"line":21,"column":20},"end":{"line":21,"column":57}},"9":{"start":{"line":22,"column":16},"end":{"line":22,"column":54}},"10":{"start":{"line":23,"column":4},"end":{"line":23,"column":44}},"11":{"start":{"line":26,"column":2},"end":{"line":31,"column":6}},"12":{"start":{"line":27,"column":20},"end":{"line":27,"column":57}},"13":{"start":{"line":28,"column":4},"end":{"line":28,"column":28}},"14":{"start":{"line":29,"column":21},"end":{"line":29,"column":55}},"15":{"start":{"line":30,"column":4},"end":{"line":30,"column":77}}},"fnMap":{"0":{"name":"(anonymous_0)","decl":{"start":{"line":5,"column":25},"end":{"line":5,"column":26}},"loc":{"start":{"line":5,"column":31},"end":{"line":32,"column":1}},"line":5},"1":{"name":"(anonymous_1)","decl":{"start":{"line":6,"column":19},"end":{"line":6,"column":20}},"loc":{"start":{"line":6,"column":25},"end":{"line":12,"column":3}},"line":6},"2":{"name":"(anonymous_2)","decl":{"start":{"line":14,"column":36},"end":{"line":14,"column":37}},"loc":{"start":{"line":14,"column":42},"end":{"line":18,"column":3}},"line":14},"3":{"name":"(anonymous_3)","decl":{"start":{"line":20,"column":48},"end":{"line":20,"column":49}},"loc":{"start":{"line":20,"column":54},"end":{"line":24,"column":3}},"line":20},"4":{"name":"(anonymous_4)","decl":{"start":{"line":26,"column":46},"end":{"line":26,"column":47}},"loc":{"start":{"line":26,"column":52},"end":{"line":31,"column":3}},"line":26}},"branchMap":{},"s":{"0":0,"1":0,"2":0,"3":0,"4":0,"5":0,"6":0,"7":0,"8":0,"9":0,"10":0,"11":0,"12":0,"13":0,"14":0,"15":0},"f":{"0":0,"1":0,"2":0,"3":0,"4":0},"b":{},"all":true},"c:\\Users\\Oana\\Documents\\_Pluralsight\\Angular-AlbumStoreProductPage\\src\\environments\\environment.prod.ts":{"path":"c:\\Users\\Oana\\Documents\\_Pluralsight\\Angular-AlbumStoreProductPage\\src\\environments\\environment.prod.ts","statementMap":{"0":{"start":{"line":1,"column":27},"end":{"line":3,"column":1}}},"fnMap":{},"branchMap":{},"s":{"0":0},"f":{},"b":{},"all":true},"c:\\Users\\Oana\\Documents\\_Pluralsight\\Angular-AlbumStoreProductPage\\src\\environments\\environment.ts":{"path":"c:\\Users\\Oana\\Documents\\_Pluralsight\\Angular-AlbumStoreProductPage\\src\\environments\\environment.ts","statementMap":{"0":{"start":{"line":6,"column":27},"end":{"line":8,"column":1}}},"fnMap":{},"branchMap":{},"s":{"0":0},"f":{},"b":{},"all":true},"c:\\Users\\Oana\\Documents\\_Pluralsight\\Angular-AlbumStoreProductPage\\src\\main.ts":{"path":"c:\\Users\\Oana\\Documents\\_Pluralsight\\Angular-AlbumStoreProductPage\\src\\main.ts","statementMap":{"0":{"start":{"line":7,"column":0},"end":{"line":9,"column":1}},"1":{"start":{"line":8,"column":2},"end":{"line":8,"column":19}},"2":{"start":{"line":11,"column":0},"end":{"line":11,"column":52}}},"fnMap":{},"branchMap":{"0":{"loc":{"start":{"line":7,"column":0},"end":{"line":9,"column":1}},"type":"if","locations":[{"start":{"line":7,"column":0},"end":{"line":9,"column":1}},{"start":{"line":7,"column":0},"end":{"line":9,"column":1}}],"line":7}},"s":{"0":0,"1":0,"2":0},"f":{},"b":{"0":[0,0]},"all":true},"c:\\Users\\Oana\\Documents\\_Pluralsight\\Angular-AlbumStoreProductPage\\src\\polyfills.ts":{"path":"c:\\Users\\Oana\\Documents\\_Pluralsight\\Angular-AlbumStoreProductPage\\src\\polyfills.ts","statementMap":{},"fnMap":{},"branchMap":{},"s":{},"f":{},"b":{},"all":true},"c:\\Users\\Oana\\Documents\\_Pluralsight\\Angular-AlbumStoreProductPage\\src\\spec\\mocha-specs\\helpers.js":{"path":"c:\\Users\\Oana\\Documents\\_Pluralsight\\Angular-AlbumStoreProductPage\\src\\spec\\mocha-specs\\helpers.js","statementMap":{"0":{"start":{"line":1,"column":15},"end":{"line":1,"column":37}},"1":{"start":{"line":2,"column":11},"end":{"line":2,"column":24}},"2":{"start":{"line":3,"column":13},"end":{"line":3,"column":28}},"3":{"start":{"line":4,"column":15},"end":{"line":4,"column":32}},"4":{"start":{"line":6,"column":17},"end":{"line":18,"column":1}},"5":{"start":{"line":11,"column":2},"end":{"line":15,"column":3}},"6":{"start":{"line":12,"column":4},"end":{"line":12,"column":71}},"7":{"start":{"line":14,"column":4},"end":{"line":14,"column":27}},"8":{"start":{"line":17,"column":2},"end":{"line":17,"column":14}},"9":{"start":{"line":20,"column":18},"end":{"line":27,"column":1}},"10":{"start":{"line":21,"column":14},"end":{"line":23,"column":4}},"11":{"start":{"line":24,"column":16},"end":{"line":24,"column":30}},"12":{"start":{"line":26,"column":2},"end":{"line":26,"column":15}},"13":{"start":{"line":29,"column":19},"end":{"line":31,"column":1}},"14":{"start":{"line":30,"column":2},"end":{"line":30,"column":57}},"15":{"start":{"line":30,"column":30},"end":{"line":30,"column":55}},"16":{"start":{"line":33,"column":0},"end":{"line":33,"column":35}},"17":{"start":{"line":34,"column":0},"end":{"line":34,"column":37}},"18":{"start":{"line":35,"column":0},"end":{"line":35,"column":39}}},"fnMap":{"0":{"name":"(anonymous_0)","decl":{"start":{"line":6,"column":17},"end":{"line":6,"column":18}},"loc":{"start":{"line":9,"column":2},"end":{"line":18,"column":1}},"line":9},"1":{"name":"(anonymous_1)","decl":{"start":{"line":20,"column":18},"end":{"line":20,"column":19}},"loc":{"start":{"line":20,"column":33},"end":{"line":27,"column":1}},"line":20},"2":{"name":"(anonymous_2)","decl":{"start":{"line":29,"column":19},"end":{"line":29,"column":20}},"loc":{"start":{"line":29,"column":44},"end":{"line":31,"column":1}},"line":29},"3":{"name":"(anonymous_3)","decl":{"start":{"line":30,"column":22},"end":{"line":30,"column":23}},"loc":{"start":{"line":30,"column":30},"end":{"line":30,"column":55}},"line":30}},"branchMap":{"0":{"loc":{"start":{"line":8,"column":2},"end":{"line":8,"column":50}},"type":"default-arg","locations":[{"start":{"line":8,"column":12},"end":{"line":8,"column":50}}],"line":8}},"s":{"0":0,"1":0,"2":0,"3":0,"4":0,"5":0,"6":0,"7":0,"8":0,"9":0,"10":0,"11":0,"12":0,"13":0,"14":0,"15":0,"16":0,"17":0,"18":0},"f":{"0":0,"1":0,"2":0,"3":0},"b":{"0":[0]},"all":true},"c:\\Users\\Oana\\Documents\\_Pluralsight\\Angular-AlbumStoreProductPage\\src\\spec\\mocha-specs\\part2\\app-product-description-selector.spec.js":{"path":"c:\\Users\\Oana\\Documents\\_Pluralsight\\Angular-AlbumStoreProductPage\\src\\spec\\mocha-specs\\part2\\app-product-description-selector.spec.js","statementMap":{"0":{"start":{"line":1,"column":15},"end":{"line":1,"column":37}},"1":{"start":{"line":2,"column":16},"end":{"line":2,"column":34}},"2":{"start":{"line":3,"column":15},"end":{"line":3,"column":32}},"3":{"start":{"line":4,"column":16},"end":{"line":4,"column":37}},"4":{"start":{"line":6,"column":0},"end":{"line":47,"column":3}},"5":{"start":{"line":7,"column":2},"end":{"line":46,"column":5}},"6":{"start":{"line":8,"column":28},"end":{"line":10,"column":5}},"7":{"start":{"line":13,"column":29},"end":{"line":13,"column":63}},"8":{"start":{"line":14,"column":28},"end":{"line":14,"column":72}},"9":{"start":{"line":15,"column":31},"end":{"line":15,"column":67}},"10":{"start":{"line":16,"column":12},"end":{"line":16,"column":44}},"11":{"start":{"line":17,"column":25},"end":{"line":17,"column":42}},"12":{"start":{"line":18,"column":17},"end":{"line":18,"column":26}},"13":{"start":{"line":20,"column":4},"end":{"line":23,"column":6}},"14":{"start":{"line":25,"column":4},"end":{"line":28,"column":6}},"15":{"start":{"line":30,"column":4},"end":{"line":33,"column":6}},"16":{"start":{"line":35,"column":4},"end":{"line":38,"column":6}},"17":{"start":{"line":40,"column":4},"end":{"line":45,"column":6}}},"fnMap":{"0":{"name":"(anonymous_0)","decl":{"start":{"line":6,"column":33},"end":{"line":6,"column":34}},"loc":{"start":{"line":6,"column":39},"end":{"line":47,"column":1}},"line":6},"1":{"name":"(anonymous_1)","decl":{"start":{"line":7,"column":93},"end":{"line":7,"column":94}},"loc":{"start":{"line":7,"column":99},"end":{"line":46,"column":3}},"line":7}},"branchMap":{},"s":{"0":0,"1":0,"2":0,"3":0,"4":0,"5":0,"6":0,"7":0,"8":0,"9":0,"10":0,"11":0,"12":0,"13":0,"14":0,"15":0,"16":0,"17":0},"f":{"0":0,"1":0},"b":{},"all":true},"c:\\Users\\Oana\\Documents\\_Pluralsight\\Angular-AlbumStoreProductPage\\src\\spec\\mocha-specs\\part2\\app-product-page-selector.spec.js":{"path":"c:\\Users\\Oana\\Documents\\_Pluralsight\\Angular-AlbumStoreProductPage\\src\\spec\\mocha-specs\\part2\\app-product-page-selector.spec.js","statementMap":{"0":{"start":{"line":1,"column":15},"end":{"line":1,"column":37}},"1":{"start":{"line":2,"column":16},"end":{"line":2,"column":37}},"2":{"start":{"line":4,"column":0},"end":{"line":21,"column":3}},"3":{"start":{"line":5,"column":2},"end":{"line":20,"column":5}},"4":{"start":{"line":6,"column":17},"end":{"line":6,"column":63}},"5":{"start":{"line":7,"column":18},"end":{"line":7,"column":41}},"6":{"start":{"line":8,"column":15},"end":{"line":8,"column":46}},"7":{"start":{"line":9,"column":32},"end":{"line":9,"column":77}},"8":{"start":{"line":11,"column":4},"end":{"line":14,"column":6}},"9":{"start":{"line":16,"column":4},"end":{"line":19,"column":6}}},"fnMap":{"0":{"name":"(anonymous_0)","decl":{"start":{"line":4,"column":40},"end":{"line":4,"column":41}},"loc":{"start":{"line":4,"column":46},"end":{"line":21,"column":1}},"line":4},"1":{"name":"(anonymous_1)","decl":{"start":{"line":5,"column":79},"end":{"line":5,"column":80}},"loc":{"start":{"line":5,"column":85},"end":{"line":20,"column":3}},"line":5}},"branchMap":{},"s":{"0":0,"1":0,"2":0,"3":0,"4":0,"5":0,"6":0,"7":0,"8":0,"9":0},"f":{"0":0,"1":0},"b":{},"all":true},"c:\\Users\\Oana\\Documents\\_Pluralsight\\Angular-AlbumStoreProductPage\\src\\spec\\mocha-specs\\part2\\product-description-component-created.spec.js":{"path":"c:\\Users\\Oana\\Documents\\_Pluralsight\\Angular-AlbumStoreProductPage\\src\\spec\\mocha-specs\\part2\\product-description-component-created.spec.js","statementMap":{"0":{"start":{"line":1,"column":11},"end":{"line":1,"column":24}},"1":{"start":{"line":2,"column":16},"end":{"line":2,"column":37}},"2":{"start":{"line":4,"column":0},"end":{"line":11,"column":3}},"3":{"start":{"line":5,"column":2},"end":{"line":10,"column":5}},"4":{"start":{"line":6,"column":4},"end":{"line":9,"column":6}}},"fnMap":{"0":{"name":"(anonymous_0)","decl":{"start":{"line":4,"column":25},"end":{"line":4,"column":26}},"loc":{"start":{"line":4,"column":31},"end":{"line":11,"column":1}},"line":4},"1":{"name":"(anonymous_1)","decl":{"start":{"line":5,"column":95},"end":{"line":5,"column":96}},"loc":{"start":{"line":5,"column":101},"end":{"line":10,"column":3}},"line":5}},"branchMap":{},"s":{"0":0,"1":0,"2":0,"3":0,"4":0},"f":{"0":0,"1":0},"b":{},"all":true},"c:\\Users\\Oana\\Documents\\_Pluralsight\\Angular-AlbumStoreProductPage\\src\\spec\\mocha-specs\\part2\\product-description-component-css1.spec.js":{"path":"c:\\Users\\Oana\\Documents\\_Pluralsight\\Angular-AlbumStoreProductPage\\src\\spec\\mocha-specs\\part2\\product-description-component-css1.spec.js","statementMap":{"0":{"start":{"line":1,"column":15},"end":{"line":1,"column":37}},"1":{"start":{"line":2,"column":16},"end":{"line":2,"column":37}},"2":{"start":{"line":3,"column":14},"end":{"line":3,"column":30}},"3":{"start":{"line":4,"column":10},"end":{"line":4,"column":27}},"4":{"start":{"line":6,"column":0},"end":{"line":71,"column":3}},"5":{"start":{"line":7,"column":2},"end":{"line":70,"column":5}},"6":{"start":{"line":8,"column":35},"end":{"line":10,"column":5}},"7":{"start":{"line":12,"column":19},"end":{"line":12,"column":54}},"8":{"start":{"line":14,"column":4},"end":{"line":19,"column":5}},"9":{"start":{"line":15,"column":6},"end":{"line":18,"column":8}},"10":{"start":{"line":21,"column":16},"end":{"line":21,"column":62}},"11":{"start":{"line":23,"column":4},"end":{"line":26,"column":6}},"12":{"start":{"line":28,"column":4},"end":{"line":31,"column":6}},"13":{"start":{"line":34,"column":4},"end":{"line":43,"column":5}},"14":{"start":{"line":35,"column":6},"end":{"line":35,"column":37}},"15":{"start":{"line":36,"column":11},"end":{"line":43,"column":5}},"16":{"start":{"line":37,"column":6},"end":{"line":37,"column":44}},"17":{"start":{"line":39,"column":6},"end":{"line":42,"column":8}},"18":{"start":{"line":45,"column":4},"end":{"line":69,"column":5}},"19":{"start":{"line":46,"column":18},"end":{"line":46,"column":37}},"20":{"start":{"line":47,"column":6},"end":{"line":49,"column":7}},"21":{"start":{"line":47,"column":19},"end":{"line":47,"column":20}},"22":{"start":{"line":48,"column":8},"end":{"line":48,"column":35}},"23":{"start":{"line":50,"column":6},"end":{"line":53,"column":8}},"24":{"start":{"line":55,"column":6},"end":{"line":58,"column":8}},"25":{"start":{"line":60,"column":6},"end":{"line":63,"column":8}},"26":{"start":{"line":65,"column":6},"end":{"line":68,"column":8}}},"fnMap":{"0":{"name":"(anonymous_0)","decl":{"start":{"line":6,"column":40},"end":{"line":6,"column":41}},"loc":{"start":{"line":6,"column":46},"end":{"line":71,"column":1}},"line":6},"1":{"name":"(anonymous_1)","decl":{"start":{"line":7,"column":82},"end":{"line":7,"column":83}},"loc":{"start":{"line":7,"column":88},"end":{"line":70,"column":3}},"line":7}},"branchMap":{"0":{"loc":{"start":{"line":14,"column":4},"end":{"line":19,"column":5}},"type":"if","locations":[{"start":{"line":14,"column":4},"end":{"line":19,"column":5}},{"start":{"line":14,"column":4},"end":{"line":19,"column":5}}],"line":14},"1":{"loc":{"start":{"line":34,"column":4},"end":{"line":43,"column":5}},"type":"if","locations":[{"start":{"line":34,"column":4},"end":{"line":43,"column":5}},{"start":{"line":34,"column":4},"end":{"line":43,"column":5}}],"line":34},"2":{"loc":{"start":{"line":36,"column":11},"end":{"line":43,"column":5}},"type":"if","locations":[{"start":{"line":36,"column":11},"end":{"line":43,"column":5}},{"start":{"line":36,"column":11},"end":{"line":43,"column":5}}],"line":36},"3":{"loc":{"start":{"line":45,"column":4},"end":{"line":69,"column":5}},"type":"if","locations":[{"start":{"line":45,"column":4},"end":{"line":69,"column":5}},{"start":{"line":45,"column":4},"end":{"line":69,"column":5}}],"line":45}},"s":{"0":0,"1":0,"2":0,"3":0,"4":0,"5":0,"6":0,"7":0,"8":0,"9":0,"10":0,"11":0,"12":0,"13":0,"14":0,"15":0,"16":0,"17":0,"18":0,"19":0,"20":0,"21":0,"22":0,"23":0,"24":0,"25":0,"26":0},"f":{"0":0,"1":0},"b":{"0":[0,0],"1":[0,0],"2":[0,0],"3":[0,0]},"all":true},"c:\\Users\\Oana\\Documents\\_Pluralsight\\Angular-AlbumStoreProductPage\\src\\spec\\mocha-specs\\part2\\product-description-component-css2.spec.js":{"path":"c:\\Users\\Oana\\Documents\\_Pluralsight\\Angular-AlbumStoreProductPage\\src\\spec\\mocha-specs\\part2\\product-description-component-css2.spec.js","statementMap":{"0":{"start":{"line":1,"column":15},"end":{"line":1,"column":37}},"1":{"start":{"line":2,"column":16},"end":{"line":2,"column":37}},"2":{"start":{"line":3,"column":14},"end":{"line":3,"column":30}},"3":{"start":{"line":4,"column":10},"end":{"line":4,"column":27}},"4":{"start":{"line":6,"column":0},"end":{"line":33,"column":3}},"5":{"start":{"line":7,"column":2},"end":{"line":32,"column":5}},"6":{"start":{"line":8,"column":35},"end":{"line":10,"column":5}},"7":{"start":{"line":12,"column":19},"end":{"line":12,"column":54}},"8":{"start":{"line":14,"column":4},"end":{"line":19,"column":5}},"9":{"start":{"line":15,"column":6},"end":{"line":18,"column":8}},"10":{"start":{"line":21,"column":18},"end":{"line":21,"column":66}},"11":{"start":{"line":23,"column":4},"end":{"line":26,"column":6}},"12":{"start":{"line":28,"column":4},"end":{"line":31,"column":6}}},"fnMap":{"0":{"name":"(anonymous_0)","decl":{"start":{"line":6,"column":40},"end":{"line":6,"column":41}},"loc":{"start":{"line":6,"column":46},"end":{"line":33,"column":1}},"line":6},"1":{"name":"(anonymous_1)","decl":{"start":{"line":7,"column":90},"end":{"line":7,"column":91}},"loc":{"start":{"line":7,"column":96},"end":{"line":32,"column":3}},"line":7}},"branchMap":{"0":{"loc":{"start":{"line":14,"column":4},"end":{"line":19,"column":5}},"type":"if","locations":[{"start":{"line":14,"column":4},"end":{"line":19,"column":5}},{"start":{"line":14,"column":4},"end":{"line":19,"column":5}}],"line":14}},"s":{"0":0,"1":0,"2":0,"3":0,"4":0,"5":0,"6":0,"7":0,"8":0,"9":0,"10":0,"11":0,"12":0},"f":{"0":0,"1":0},"b":{"0":[0,0]},"all":true},"c:\\Users\\Oana\\Documents\\_Pluralsight\\Angular-AlbumStoreProductPage\\src\\spec\\mocha-specs\\part2\\product-description-html-moved.spec.js":{"path":"c:\\Users\\Oana\\Documents\\_Pluralsight\\Angular-AlbumStoreProductPage\\src\\spec\\mocha-specs\\part2\\product-description-html-moved.spec.js","statementMap":{"0":{"start":{"line":1,"column":15},"end":{"line":1,"column":37}},"1":{"start":{"line":2,"column":16},"end":{"line":2,"column":34}},"2":{"start":{"line":3,"column":15},"end":{"line":3,"column":32}},"3":{"start":{"line":4,"column":16},"end":{"line":4,"column":37}},"4":{"start":{"line":6,"column":0},"end":{"line":73,"column":3}},"5":{"start":{"line":7,"column":2},"end":{"line":72,"column":5}},"6":{"start":{"line":8,"column":28},"end":{"line":10,"column":5}},"7":{"start":{"line":11,"column":35},"end":{"line":13,"column":5}},"8":{"start":{"line":16,"column":29},"end":{"line":16,"column":63}},"9":{"start":{"line":17,"column":28},"end":{"line":17,"column":72}},"10":{"start":{"line":18,"column":31},"end":{"line":18,"column":67}},"11":{"start":{"line":19,"column":12},"end":{"line":19,"column":44}},"12":{"start":{"line":20,"column":25},"end":{"line":20,"column":42}},"13":{"start":{"line":24,"column":36},"end":{"line":24,"column":77}},"14":{"start":{"line":25,"column":4},"end":{"line":27,"column":6}},"15":{"start":{"line":26,"column":15},"end":{"line":26,"column":60}},"16":{"start":{"line":30,"column":4},"end":{"line":36,"column":5}},"17":{"start":{"line":31,"column":6},"end":{"line":31,"column":51}},"18":{"start":{"line":33,"column":6},"end":{"line":35,"column":8}},"19":{"start":{"line":38,"column":4},"end":{"line":41,"column":6}},"20":{"start":{"line":43,"column":4},"end":{"line":46,"column":6}},"21":{"start":{"line":48,"column":4},"end":{"line":51,"column":6}},"22":{"start":{"line":53,"column":4},"end":{"line":56,"column":6}},"23":{"start":{"line":58,"column":4},"end":{"line":61,"column":6}},"24":{"start":{"line":63,"column":4},"end":{"line":66,"column":6}},"25":{"start":{"line":68,"column":4},"end":{"line":71,"column":6}}},"fnMap":{"0":{"name":"(anonymous_0)","decl":{"start":{"line":6,"column":31},"end":{"line":6,"column":32}},"loc":{"start":{"line":6,"column":37},"end":{"line":73,"column":1}},"line":6},"1":{"name":"(anonymous_1)","decl":{"start":{"line":7,"column":112},"end":{"line":7,"column":113}},"loc":{"start":{"line":7,"column":118},"end":{"line":72,"column":3}},"line":7},"2":{"name":"(anonymous_2)","decl":{"start":{"line":26,"column":6},"end":{"line":26,"column":7}},"loc":{"start":{"line":26,"column":15},"end":{"line":26,"column":60}},"line":26}},"branchMap":{},"s":{"0":0,"1":0,"2":0,"3":0,"4":0,"5":0,"6":0,"7":0,"8":0,"9":0,"10":0,"11":0,"12":0,"13":0,"14":0,"15":0,"16":0,"17":0,"18":0,"19":0,"20":0,"21":0,"22":0,"23":0,"24":0,"25":0},"f":{"0":0,"1":0,"2":0},"b":{},"all":true},"c:\\Users\\Oana\\Documents\\_Pluralsight\\Angular-AlbumStoreProductPage\\src\\spec\\mocha-specs\\part3\\product-description-html-uses-dynamic-albuminfo-band.spec.js":{"path":"c:\\Users\\Oana\\Documents\\_Pluralsight\\Angular-AlbumStoreProductPage\\src\\spec\\mocha-specs\\part3\\product-description-html-uses-dynamic-albuminfo-band.spec.js","statementMap":{"0":{"start":{"line":1,"column":15},"end":{"line":1,"column":37}},"1":{"start":{"line":2,"column":16},"end":{"line":2,"column":34}},"2":{"start":{"line":3,"column":15},"end":{"line":3,"column":32}},"3":{"start":{"line":4,"column":16},"end":{"line":4,"column":37}},"4":{"start":{"line":6,"column":0},"end":{"line":33,"column":3}},"5":{"start":{"line":7,"column":2},"end":{"line":32,"column":5}},"6":{"start":{"line":8,"column":28},"end":{"line":10,"column":5}},"7":{"start":{"line":12,"column":29},"end":{"line":12,"column":63}},"8":{"start":{"line":13,"column":28},"end":{"line":13,"column":71}},"9":{"start":{"line":14,"column":31},"end":{"line":14,"column":67}},"10":{"start":{"line":15,"column":12},"end":{"line":15,"column":44}},"11":{"start":{"line":16,"column":23},"end":{"line":16,"column":38}},"12":{"start":{"line":18,"column":4},"end":{"line":21,"column":6}},"13":{"start":{"line":23,"column":4},"end":{"line":26,"column":6}},"14":{"start":{"line":28,"column":4},"end":{"line":31,"column":6}}},"fnMap":{"0":{"name":"(anonymous_0)","decl":{"start":{"line":6,"column":31},"end":{"line":6,"column":32}},"loc":{"start":{"line":6,"column":37},"end":{"line":33,"column":1}},"line":6},"1":{"name":"(anonymous_1)","decl":{"start":{"line":7,"column":139},"end":{"line":7,"column":140}},"loc":{"start":{"line":7,"column":145},"end":{"line":32,"column":3}},"line":7}},"branchMap":{},"s":{"0":0,"1":0,"2":0,"3":0,"4":0,"5":0,"6":0,"7":0,"8":0,"9":0,"10":0,"11":0,"12":0,"13":0,"14":0},"f":{"0":0,"1":0},"b":{},"all":true},"c:\\Users\\Oana\\Documents\\_Pluralsight\\Angular-AlbumStoreProductPage\\src\\spec\\mocha-specs\\part3\\product-description-html-uses-dynamic-albuminfo-imageurl.spec.js":{"path":"c:\\Users\\Oana\\Documents\\_Pluralsight\\Angular-AlbumStoreProductPage\\src\\spec\\mocha-specs\\part3\\product-description-html-uses-dynamic-albuminfo-imageurl.spec.js","statementMap":{"0":{"start":{"line":1,"column":15},"end":{"line":1,"column":37}},"1":{"start":{"line":2,"column":16},"end":{"line":2,"column":34}},"2":{"start":{"line":3,"column":15},"end":{"line":3,"column":32}},"3":{"start":{"line":4,"column":16},"end":{"line":4,"column":37}},"4":{"start":{"line":6,"column":0},"end":{"line":38,"column":3}},"5":{"start":{"line":7,"column":2},"end":{"line":37,"column":5}},"6":{"start":{"line":8,"column":28},"end":{"line":10,"column":5}},"7":{"start":{"line":12,"column":29},"end":{"line":12,"column":63}},"8":{"start":{"line":13,"column":28},"end":{"line":13,"column":71}},"9":{"start":{"line":14,"column":31},"end":{"line":14,"column":67}},"10":{"start":{"line":15,"column":12},"end":{"line":15,"column":44}},"11":{"start":{"line":16,"column":14},"end":{"line":16,"column":22}},"12":{"start":{"line":18,"column":4},"end":{"line":21,"column":6}},"13":{"start":{"line":23,"column":4},"end":{"line":26,"column":6}},"14":{"start":{"line":28,"column":4},"end":{"line":31,"column":6}},"15":{"start":{"line":33,"column":4},"end":{"line":36,"column":6}}},"fnMap":{"0":{"name":"(anonymous_0)","decl":{"start":{"line":6,"column":31},"end":{"line":6,"column":32}},"loc":{"start":{"line":6,"column":37},"end":{"line":38,"column":1}},"line":6},"1":{"name":"(anonymous_1)","decl":{"start":{"line":7,"column":141},"end":{"line":7,"column":142}},"loc":{"start":{"line":7,"column":147},"end":{"line":37,"column":3}},"line":7}},"branchMap":{},"s":{"0":0,"1":0,"2":0,"3":0,"4":0,"5":0,"6":0,"7":0,"8":0,"9":0,"10":0,"11":0,"12":0,"13":0,"14":0,"15":0},"f":{"0":0,"1":0},"b":{},"all":true},"c:\\Users\\Oana\\Documents\\_Pluralsight\\Angular-AlbumStoreProductPage\\src\\spec\\mocha-specs\\part3\\product-description-html-uses-dynamic-albuminfo-name.spec.js":{"path":"c:\\Users\\Oana\\Documents\\_Pluralsight\\Angular-AlbumStoreProductPage\\src\\spec\\mocha-specs\\part3\\product-description-html-uses-dynamic-albuminfo-name.spec.js","statementMap":{"0":{"start":{"line":1,"column":15},"end":{"line":1,"column":37}},"1":{"start":{"line":2,"column":16},"end":{"line":2,"column":34}},"2":{"start":{"line":3,"column":15},"end":{"line":3,"column":32}},"3":{"start":{"line":4,"column":16},"end":{"line":4,"column":37}},"4":{"start":{"line":6,"column":0},"end":{"line":33,"column":3}},"5":{"start":{"line":7,"column":2},"end":{"line":32,"column":5}},"6":{"start":{"line":8,"column":28},"end":{"line":10,"column":5}},"7":{"start":{"line":12,"column":29},"end":{"line":12,"column":63}},"8":{"start":{"line":13,"column":28},"end":{"line":13,"column":71}},"9":{"start":{"line":14,"column":31},"end":{"line":14,"column":67}},"10":{"start":{"line":15,"column":12},"end":{"line":15,"column":44}},"11":{"start":{"line":16,"column":23},"end":{"line":16,"column":39}},"12":{"start":{"line":18,"column":4},"end":{"line":21,"column":6}},"13":{"start":{"line":23,"column":4},"end":{"line":26,"column":6}},"14":{"start":{"line":28,"column":4},"end":{"line":31,"column":6}}},"fnMap":{"0":{"name":"(anonymous_0)","decl":{"start":{"line":6,"column":31},"end":{"line":6,"column":32}},"loc":{"start":{"line":6,"column":37},"end":{"line":33,"column":1}},"line":6},"1":{"name":"(anonymous_1)","decl":{"start":{"line":7,"column":138},"end":{"line":7,"column":139}},"loc":{"start":{"line":7,"column":144},"end":{"line":32,"column":3}},"line":7}},"branchMap":{},"s":{"0":0,"1":0,"2":0,"3":0,"4":0,"5":0,"6":0,"7":0,"8":0,"9":0,"10":0,"11":0,"12":0,"13":0,"14":0},"f":{"0":0,"1":0},"b":{},"all":true},"c:\\Users\\Oana\\Documents\\_Pluralsight\\Angular-AlbumStoreProductPage\\src\\spec\\mocha-specs\\part3\\product-description-html-uses-dynamic-albuminfo-releasedate.spec.js":{"path":"c:\\Users\\Oana\\Documents\\_Pluralsight\\Angular-AlbumStoreProductPage\\src\\spec\\mocha-specs\\part3\\product-description-html-uses-dynamic-albuminfo-releasedate.spec.js","statementMap":{"0":{"start":{"line":1,"column":15},"end":{"line":1,"column":37}},"1":{"start":{"line":2,"column":16},"end":{"line":2,"column":34}},"2":{"start":{"line":3,"column":15},"end":{"line":3,"column":32}},"3":{"start":{"line":4,"column":16},"end":{"line":4,"column":37}},"4":{"start":{"line":6,"column":0},"end":{"line":35,"column":3}},"5":{"start":{"line":7,"column":2},"end":{"line":34,"column":5}},"6":{"start":{"line":8,"column":28},"end":{"line":10,"column":5}},"7":{"start":{"line":12,"column":29},"end":{"line":12,"column":63}},"8":{"start":{"line":13,"column":28},"end":{"line":13,"column":71}},"9":{"start":{"line":14,"column":31},"end":{"line":14,"column":67}},"10":{"start":{"line":15,"column":12},"end":{"line":15,"column":44}},"11":{"start":{"line":16,"column":27},"end":{"line":16,"column":51}},"12":{"start":{"line":18,"column":4},"end":{"line":21,"column":6}},"13":{"start":{"line":23,"column":4},"end":{"line":26,"column":6}},"14":{"start":{"line":28,"column":4},"end":{"line":33,"column":6}}},"fnMap":{"0":{"name":"(anonymous_0)","decl":{"start":{"line":6,"column":31},"end":{"line":6,"column":32}},"loc":{"start":{"line":6,"column":37},"end":{"line":35,"column":1}},"line":6},"1":{"name":"(anonymous_1)","decl":{"start":{"line":7,"column":147},"end":{"line":7,"column":148}},"loc":{"start":{"line":7,"column":153},"end":{"line":34,"column":3}},"line":7}},"branchMap":{},"s":{"0":0,"1":0,"2":0,"3":0,"4":0,"5":0,"6":0,"7":0,"8":0,"9":0,"10":0,"11":0,"12":0,"13":0,"14":0},"f":{"0":0,"1":0},"b":{},"all":true},"c:\\Users\\Oana\\Documents\\_Pluralsight\\Angular-AlbumStoreProductPage\\src\\spec\\mocha-specs\\part3\\product-description-injects-product-service.mocha.spec.js":{"path":"c:\\Users\\Oana\\Documents\\_Pluralsight\\Angular-AlbumStoreProductPage\\src\\spec\\mocha-specs\\part3\\product-description-injects-product-service.mocha.spec.js","statementMap":{"0":{"start":{"line":1,"column":9},"end":{"line":1,"column":22}},"1":{"start":{"line":2,"column":13},"end":{"line":2,"column":35}},"2":{"start":{"line":3,"column":13},"end":{"line":3,"column":35}},"3":{"start":{"line":5,"column":0},"end":{"line":23,"column":3}},"4":{"start":{"line":6,"column":2},"end":{"line":22,"column":5}},"5":{"start":{"line":8,"column":4},"end":{"line":12,"column":5}},"6":{"start":{"line":9,"column":6},"end":{"line":9,"column":122}},"7":{"start":{"line":11,"column":6},"end":{"line":11,"column":69}},"8":{"start":{"line":13,"column":13},"end":{"line":13,"column":43}},"9":{"start":{"line":14,"column":16},"end":{"line":14,"column":30}},"10":{"start":{"line":15,"column":4},"end":{"line":15,"column":88}},"11":{"start":{"line":17,"column":14},"end":{"line":17,"column":29}},"12":{"start":{"line":19,"column":17},"end":{"line":19,"column":73}},"13":{"start":{"line":20,"column":20},"end":{"line":20,"column":37}},"14":{"start":{"line":21,"column":4},"end":{"line":21,"column":128}}},"fnMap":{"0":{"name":"(anonymous_0)","decl":{"start":{"line":5,"column":31},"end":{"line":5,"column":32}},"loc":{"start":{"line":5,"column":42},"end":{"line":23,"column":1}},"line":5},"1":{"name":"(anonymous_1)","decl":{"start":{"line":6,"column":126},"end":{"line":6,"column":127}},"loc":{"start":{"line":6,"column":138},"end":{"line":22,"column":3}},"line":6}},"branchMap":{},"s":{"0":0,"1":0,"2":0,"3":0,"4":0,"5":0,"6":0,"7":0,"8":0,"9":0,"10":0,"11":0,"12":0,"13":0,"14":0},"f":{"0":0,"1":0},"b":{},"all":true},"c:\\Users\\Oana\\Documents\\_Pluralsight\\Angular-AlbumStoreProductPage\\src\\spec\\mocha-specs\\part3\\product-description-ngoninit-calls-getalbum.mocha.spec.js":{"path":"c:\\Users\\Oana\\Documents\\_Pluralsight\\Angular-AlbumStoreProductPage\\src\\spec\\mocha-specs\\part3\\product-description-ngoninit-calls-getalbum.mocha.spec.js","statementMap":{"0":{"start":{"line":1,"column":9},"end":{"line":1,"column":22}},"1":{"start":{"line":2,"column":13},"end":{"line":2,"column":35}},"2":{"start":{"line":3,"column":13},"end":{"line":3,"column":35}},"3":{"start":{"line":5,"column":0},"end":{"line":48,"column":3}},"4":{"start":{"line":6,"column":2},"end":{"line":35,"column":5}},"5":{"start":{"line":8,"column":4},"end":{"line":12,"column":5}},"6":{"start":{"line":9,"column":6},"end":{"line":9,"column":122}},"7":{"start":{"line":11,"column":6},"end":{"line":11,"column":69}},"8":{"start":{"line":13,"column":13},"end":{"line":13,"column":67}},"9":{"start":{"line":14,"column":16},"end":{"line":14,"column":30}},"10":{"start":{"line":15,"column":4},"end":{"line":15,"column":109}},"11":{"start":{"line":17,"column":25},"end":{"line":17,"column":40}},"12":{"start":{"line":19,"column":4},"end":{"line":33,"column":5}},"13":{"start":{"line":20,"column":16},"end":{"line":20,"column":96}},"14":{"start":{"line":21,"column":19},"end":{"line":21,"column":38}},"15":{"start":{"line":22,"column":6},"end":{"line":22,"column":175}},"16":{"start":{"line":24,"column":46},"end":{"line":24,"column":78}},"17":{"start":{"line":26,"column":23},"end":{"line":26,"column":144}},"18":{"start":{"line":27,"column":18},"end":{"line":27,"column":45}},"19":{"start":{"line":29,"column":6},"end":{"line":29,"column":200}},"20":{"start":{"line":31,"column":16},"end":{"line":31,"column":60}},"21":{"start":{"line":32,"column":6},"end":{"line":32,"column":157}},"22":{"start":{"line":37,"column":2},"end":{"line":47,"column":5}},"23":{"start":{"line":39,"column":4},"end":{"line":43,"column":5}},"24":{"start":{"line":40,"column":6},"end":{"line":40,"column":122}},"25":{"start":{"line":42,"column":6},"end":{"line":42,"column":69}},"26":{"start":{"line":44,"column":13},"end":{"line":44,"column":77}},"27":{"start":{"line":45,"column":16},"end":{"line":45,"column":30}},"28":{"start":{"line":46,"column":4},"end":{"line":46,"column":110}}},"fnMap":{"0":{"name":"(anonymous_0)","decl":{"start":{"line":5,"column":31},"end":{"line":5,"column":32}},"loc":{"start":{"line":5,"column":42},"end":{"line":48,"column":1}},"line":5},"1":{"name":"(anonymous_1)","decl":{"start":{"line":6,"column":120},"end":{"line":6,"column":121}},"loc":{"start":{"line":6,"column":132},"end":{"line":35,"column":3}},"line":6},"2":{"name":"(anonymous_2)","decl":{"start":{"line":37,"column":100},"end":{"line":37,"column":101}},"loc":{"start":{"line":37,"column":112},"end":{"line":47,"column":3}},"line":37}},"branchMap":{"0":{"loc":{"start":{"line":19,"column":4},"end":{"line":33,"column":5}},"type":"if","locations":[{"start":{"line":19,"column":4},"end":{"line":33,"column":5}},{"start":{"line":19,"column":4},"end":{"line":33,"column":5}}],"line":19}},"s":{"0":0,"1":0,"2":0,"3":0,"4":0,"5":0,"6":0,"7":0,"8":0,"9":0,"10":0,"11":0,"12":0,"13":0,"14":0,"15":0,"16":0,"17":0,"18":0,"19":0,"20":0,"21":0,"22":0,"23":0,"24":0,"25":0,"26":0,"27":0,"28":0},"f":{"0":0,"1":0,"2":0},"b":{"0":[0,0]},"all":true},"c:\\Users\\Oana\\Documents\\_Pluralsight\\Angular-AlbumStoreProductPage\\src\\spec\\mocha-specs\\part3\\product-service-added-to-providers-array.mocha.spec.js":{"path":"c:\\Users\\Oana\\Documents\\_Pluralsight\\Angular-AlbumStoreProductPage\\src\\spec\\mocha-specs\\part3\\product-service-added-to-providers-array.mocha.spec.js","statementMap":{"0":{"start":{"line":1,"column":9},"end":{"line":1,"column":22}},"1":{"start":{"line":2,"column":13},"end":{"line":2,"column":35}},"2":{"start":{"line":3,"column":13},"end":{"line":3,"column":35}},"3":{"start":{"line":5,"column":0},"end":{"line":16,"column":3}},"4":{"start":{"line":6,"column":2},"end":{"line":15,"column":5}},"5":{"start":{"line":8,"column":4},"end":{"line":12,"column":5}},"6":{"start":{"line":9,"column":6},"end":{"line":9,"column":83}},"7":{"start":{"line":11,"column":6},"end":{"line":11,"column":57}},"8":{"start":{"line":13,"column":13},"end":{"line":13,"column":60}},"9":{"start":{"line":14,"column":4},"end":{"line":14,"column":150}}},"fnMap":{"0":{"name":"(anonymous_0)","decl":{"start":{"line":5,"column":22},"end":{"line":5,"column":23}},"loc":{"start":{"line":5,"column":33},"end":{"line":16,"column":1}},"line":5},"1":{"name":"(anonymous_1)","decl":{"start":{"line":6,"column":103},"end":{"line":6,"column":104}},"loc":{"start":{"line":6,"column":115},"end":{"line":15,"column":3}},"line":6}},"branchMap":{"0":{"loc":{"start":{"line":14,"column":11},"end":{"line":14,"column":66}},"type":"binary-expr","locations":[{"start":{"line":14,"column":11},"end":{"line":14,"column":40}},{"start":{"line":14,"column":44},"end":{"line":14,"column":66}}],"line":14}},"s":{"0":0,"1":0,"2":0,"3":0,"4":0,"5":0,"6":0,"7":0,"8":0,"9":0},"f":{"0":0,"1":0},"b":{"0":[0,0]},"all":true},"c:\\Users\\Oana\\Documents\\_Pluralsight\\Angular-AlbumStoreProductPage\\src\\spec\\mocha-specs\\part3\\product-service-exists.mocha.spec.js":{"path":"c:\\Users\\Oana\\Documents\\_Pluralsight\\Angular-AlbumStoreProductPage\\src\\spec\\mocha-specs\\part3\\product-service-exists.mocha.spec.js","statementMap":{"0":{"start":{"line":1,"column":9},"end":{"line":1,"column":22}},"1":{"start":{"line":2,"column":13},"end":{"line":2,"column":35}},"2":{"start":{"line":3,"column":13},"end":{"line":3,"column":35}},"3":{"start":{"line":5,"column":0},"end":{"line":10,"column":3}},"4":{"start":{"line":6,"column":2},"end":{"line":8,"column":5}},"5":{"start":{"line":7,"column":4},"end":{"line":7,"column":121}}},"fnMap":{"0":{"name":"(anonymous_0)","decl":{"start":{"line":5,"column":27},"end":{"line":5,"column":28}},"loc":{"start":{"line":5,"column":38},"end":{"line":10,"column":1}},"line":5},"1":{"name":"(anonymous_1)","decl":{"start":{"line":6,"column":45},"end":{"line":6,"column":46}},"loc":{"start":{"line":6,"column":57},"end":{"line":8,"column":3}},"line":6}},"branchMap":{},"s":{"0":0,"1":0,"2":0,"3":0,"4":0,"5":0},"f":{"0":0,"1":0},"b":{},"all":true},"c:\\Users\\Oana\\Documents\\_Pluralsight\\Angular-AlbumStoreProductPage\\src\\spec\\mocha-specs\\part3\\product-service-getalbum-method-maps-response-to-json.spec.js":{"path":"c:\\Users\\Oana\\Documents\\_Pluralsight\\Angular-AlbumStoreProductPage\\src\\spec\\mocha-specs\\part3\\product-service-getalbum-method-maps-response-to-json.spec.js","statementMap":{"0":{"start":{"line":1,"column":15},"end":{"line":1,"column":37}},"1":{"start":{"line":2,"column":16},"end":{"line":2,"column":37}},"2":{"start":{"line":3,"column":25},"end":{"line":3,"column":38}},"3":{"start":{"line":4,"column":20},"end":{"line":4,"column":56}},"4":{"start":{"line":6,"column":0},"end":{"line":159,"column":3}},"5":{"start":{"line":7,"column":2},"end":{"line":158,"column":5}},"6":{"start":{"line":8,"column":21},"end":{"line":8,"column":49}},"7":{"start":{"line":10,"column":4},"end":{"line":13,"column":6}},"8":{"start":{"line":16,"column":16},"end":{"line":16,"column":62}},"9":{"start":{"line":17,"column":31},"end":{"line":20,"column":5}},"10":{"start":{"line":22,"column":4},"end":{"line":25,"column":6}},"11":{"start":{"line":27,"column":32},"end":{"line":30,"column":5}},"12":{"start":{"line":32,"column":4},"end":{"line":35,"column":6}},"13":{"start":{"line":37,"column":26},"end":{"line":40,"column":5}},"14":{"start":{"line":42,"column":4},"end":{"line":45,"column":6}},"15":{"start":{"line":47,"column":27},"end":{"line":47,"column":70}},"16":{"start":{"line":49,"column":4},"end":{"line":52,"column":6}},"17":{"start":{"line":54,"column":28},"end":{"line":57,"column":5}},"18":{"start":{"line":59,"column":4},"end":{"line":62,"column":6}},"19":{"start":{"line":64,"column":26},"end":{"line":67,"column":5}},"20":{"start":{"line":69,"column":4},"end":{"line":72,"column":6}},"21":{"start":{"line":74,"column":20},"end":{"line":77,"column":5}},"22":{"start":{"line":79,"column":4},"end":{"line":82,"column":6}},"23":{"start":{"line":84,"column":22},"end":{"line":87,"column":5}},"24":{"start":{"line":89,"column":4},"end":{"line":92,"column":6}},"25":{"start":{"line":94,"column":4},"end":{"line":97,"column":6}},"26":{"start":{"line":99,"column":24},"end":{"line":102,"column":5}},"27":{"start":{"line":104,"column":4},"end":{"line":107,"column":6}},"28":{"start":{"line":109,"column":23},"end":{"line":112,"column":5}},"29":{"start":{"line":114,"column":4},"end":{"line":117,"column":6}},"30":{"start":{"line":119,"column":22},"end":{"line":122,"column":5}},"31":{"start":{"line":124,"column":4},"end":{"line":127,"column":6}},"32":{"start":{"line":129,"column":30},"end":{"line":132,"column":5}},"33":{"start":{"line":134,"column":4},"end":{"line":137,"column":6}},"34":{"start":{"line":139,"column":27},"end":{"line":142,"column":5}},"35":{"start":{"line":144,"column":4},"end":{"line":147,"column":6}},"36":{"start":{"line":149,"column":23},"end":{"line":152,"column":5}},"37":{"start":{"line":154,"column":4},"end":{"line":157,"column":6}}},"fnMap":{"0":{"name":"(anonymous_0)","decl":{"start":{"line":6,"column":27},"end":{"line":6,"column":28}},"loc":{"start":{"line":6,"column":33},"end":{"line":159,"column":1}},"line":6},"1":{"name":"(anonymous_1)","decl":{"start":{"line":7,"column":131},"end":{"line":7,"column":132}},"loc":{"start":{"line":7,"column":137},"end":{"line":158,"column":3}},"line":7}},"branchMap":{},"s":{"0":0,"1":0,"2":0,"3":0,"4":0,"5":0,"6":0,"7":0,"8":0,"9":0,"10":0,"11":0,"12":0,"13":0,"14":0,"15":0,"16":0,"17":0,"18":0,"19":0,"20":0,"21":0,"22":0,"23":0,"24":0,"25":0,"26":0,"27":0,"28":0,"29":0,"30":0,"31":0,"32":0,"33":0,"34":0,"35":0,"36":0,"37":0},"f":{"0":0,"1":0},"b":{},"all":true},"c:\\Users\\Oana\\Documents\\_Pluralsight\\Angular-AlbumStoreProductPage\\src\\spec\\mocha-specs\\part3\\product-service-getalbum-method-returns-album-json.spec.js":{"path":"c:\\Users\\Oana\\Documents\\_Pluralsight\\Angular-AlbumStoreProductPage\\src\\spec\\mocha-specs\\part3\\product-service-getalbum-method-returns-album-json.spec.js","statementMap":{"0":{"start":{"line":1,"column":15},"end":{"line":1,"column":37}},"1":{"start":{"line":2,"column":16},"end":{"line":2,"column":37}},"2":{"start":{"line":3,"column":25},"end":{"line":3,"column":38}},"3":{"start":{"line":4,"column":20},"end":{"line":4,"column":56}},"4":{"start":{"line":6,"column":0},"end":{"line":109,"column":3}},"5":{"start":{"line":7,"column":2},"end":{"line":108,"column":5}},"6":{"start":{"line":8,"column":21},"end":{"line":8,"column":49}},"7":{"start":{"line":10,"column":4},"end":{"line":13,"column":6}},"8":{"start":{"line":16,"column":16},"end":{"line":16,"column":62}},"9":{"start":{"line":17,"column":31},"end":{"line":20,"column":5}},"10":{"start":{"line":22,"column":4},"end":{"line":25,"column":6}},"11":{"start":{"line":27,"column":32},"end":{"line":30,"column":5}},"12":{"start":{"line":32,"column":4},"end":{"line":35,"column":6}},"13":{"start":{"line":37,"column":26},"end":{"line":40,"column":5}},"14":{"start":{"line":42,"column":4},"end":{"line":45,"column":6}},"15":{"start":{"line":47,"column":27},"end":{"line":47,"column":70}},"16":{"start":{"line":49,"column":4},"end":{"line":52,"column":6}},"17":{"start":{"line":54,"column":28},"end":{"line":57,"column":5}},"18":{"start":{"line":59,"column":4},"end":{"line":62,"column":6}},"19":{"start":{"line":64,"column":26},"end":{"line":67,"column":5}},"20":{"start":{"line":69,"column":4},"end":{"line":72,"column":6}},"21":{"start":{"line":74,"column":20},"end":{"line":77,"column":5}},"22":{"start":{"line":79,"column":4},"end":{"line":82,"column":6}},"23":{"start":{"line":84,"column":22},"end":{"line":87,"column":5}},"24":{"start":{"line":89,"column":4},"end":{"line":92,"column":6}},"25":{"start":{"line":94,"column":4},"end":{"line":97,"column":6}},"26":{"start":{"line":99,"column":24},"end":{"line":102,"column":5}},"27":{"start":{"line":104,"column":4},"end":{"line":107,"column":6}}},"fnMap":{"0":{"name":"(anonymous_0)","decl":{"start":{"line":6,"column":27},"end":{"line":6,"column":28}},"loc":{"start":{"line":6,"column":33},"end":{"line":109,"column":1}},"line":6},"1":{"name":"(anonymous_1)","decl":{"start":{"line":7,"column":124},"end":{"line":7,"column":125}},"loc":{"start":{"line":7,"column":130},"end":{"line":108,"column":3}},"line":7}},"branchMap":{},"s":{"0":0,"1":0,"2":0,"3":0,"4":0,"5":0,"6":0,"7":0,"8":0,"9":0,"10":0,"11":0,"12":0,"13":0,"14":0,"15":0,"16":0,"17":0,"18":0,"19":0,"20":0,"21":0,"22":0,"23":0,"24":0,"25":0,"26":0,"27":0},"f":{"0":0,"1":0},"b":{},"all":true},"c:\\Users\\Oana\\Documents\\_Pluralsight\\Angular-AlbumStoreProductPage\\src\\spec\\mocha-specs\\part3\\product-service-has-albumurl-property.mocha.spec.js":{"path":"c:\\Users\\Oana\\Documents\\_Pluralsight\\Angular-AlbumStoreProductPage\\src\\spec\\mocha-specs\\part3\\product-service-has-albumurl-property.mocha.spec.js","statementMap":{"0":{"start":{"line":1,"column":9},"end":{"line":1,"column":22}},"1":{"start":{"line":2,"column":13},"end":{"line":2,"column":35}},"2":{"start":{"line":3,"column":13},"end":{"line":3,"column":35}},"3":{"start":{"line":5,"column":0},"end":{"line":17,"column":3}},"4":{"start":{"line":6,"column":2},"end":{"line":16,"column":5}},"5":{"start":{"line":8,"column":4},"end":{"line":12,"column":5}},"6":{"start":{"line":9,"column":6},"end":{"line":9,"column":88}},"7":{"start":{"line":11,"column":6},"end":{"line":11,"column":66}},"8":{"start":{"line":13,"column":13},"end":{"line":13,"column":105}},"9":{"start":{"line":14,"column":16},"end":{"line":14,"column":30}},"10":{"start":{"line":15,"column":4},"end":{"line":15,"column":129}}},"fnMap":{"0":{"name":"(anonymous_0)","decl":{"start":{"line":5,"column":27},"end":{"line":5,"column":28}},"loc":{"start":{"line":5,"column":38},"end":{"line":17,"column":1}},"line":5},"1":{"name":"(anonymous_1)","decl":{"start":{"line":6,"column":125},"end":{"line":6,"column":126}},"loc":{"start":{"line":6,"column":137},"end":{"line":16,"column":3}},"line":6}},"branchMap":{},"s":{"0":0,"1":0,"2":0,"3":0,"4":0,"5":0,"6":0,"7":0,"8":0,"9":0,"10":0},"f":{"0":0,"1":0},"b":{},"all":true},"c:\\Users\\Oana\\Documents\\_Pluralsight\\Angular-AlbumStoreProductPage\\src\\spec\\mocha-specs\\part3\\product-service-has-getalbum-method.mocha.spec.js":{"path":"c:\\Users\\Oana\\Documents\\_Pluralsight\\Angular-AlbumStoreProductPage\\src\\spec\\mocha-specs\\part3\\product-service-has-getalbum-method.mocha.spec.js","statementMap":{"0":{"start":{"line":1,"column":9},"end":{"line":1,"column":22}},"1":{"start":{"line":2,"column":13},"end":{"line":2,"column":35}},"2":{"start":{"line":3,"column":13},"end":{"line":3,"column":35}},"3":{"start":{"line":5,"column":0},"end":{"line":17,"column":3}},"4":{"start":{"line":6,"column":2},"end":{"line":16,"column":5}},"5":{"start":{"line":8,"column":4},"end":{"line":12,"column":5}},"6":{"start":{"line":9,"column":6},"end":{"line":9,"column":88}},"7":{"start":{"line":11,"column":6},"end":{"line":11,"column":67}},"8":{"start":{"line":13,"column":13},"end":{"line":13,"column":111}},"9":{"start":{"line":14,"column":16},"end":{"line":14,"column":30}},"10":{"start":{"line":15,"column":4},"end":{"line":15,"column":121}}},"fnMap":{"0":{"name":"(anonymous_0)","decl":{"start":{"line":5,"column":27},"end":{"line":5,"column":28}},"loc":{"start":{"line":5,"column":38},"end":{"line":17,"column":1}},"line":5},"1":{"name":"(anonymous_1)","decl":{"start":{"line":6,"column":108},"end":{"line":6,"column":109}},"loc":{"start":{"line":6,"column":120},"end":{"line":16,"column":3}},"line":6}},"branchMap":{},"s":{"0":0,"1":0,"2":0,"3":0,"4":0,"5":0,"6":0,"7":0,"8":0,"9":0,"10":0},"f":{"0":0,"1":0},"b":{},"all":true},"c:\\Users\\Oana\\Documents\\_Pluralsight\\Angular-AlbumStoreProductPage\\src\\spec\\mocha-specs\\part3\\product-service-imported-into-app-module.mocha.spec.js":{"path":"c:\\Users\\Oana\\Documents\\_Pluralsight\\Angular-AlbumStoreProductPage\\src\\spec\\mocha-specs\\part3\\product-service-imported-into-app-module.mocha.spec.js","statementMap":{"0":{"start":{"line":1,"column":9},"end":{"line":1,"column":22}},"1":{"start":{"line":2,"column":13},"end":{"line":2,"column":35}},"2":{"start":{"line":3,"column":13},"end":{"line":3,"column":35}},"3":{"start":{"line":5,"column":0},"end":{"line":16,"column":3}},"4":{"start":{"line":6,"column":2},"end":{"line":15,"column":5}},"5":{"start":{"line":8,"column":4},"end":{"line":12,"column":5}},"6":{"start":{"line":9,"column":6},"end":{"line":9,"column":83}},"7":{"start":{"line":11,"column":6},"end":{"line":11,"column":80}},"8":{"start":{"line":13,"column":13},"end":{"line":13,"column":93}},"9":{"start":{"line":14,"column":4},"end":{"line":14,"column":134}}},"fnMap":{"0":{"name":"(anonymous_0)","decl":{"start":{"line":5,"column":22},"end":{"line":5,"column":23}},"loc":{"start":{"line":5,"column":33},"end":{"line":16,"column":1}},"line":5},"1":{"name":"(anonymous_1)","decl":{"start":{"line":6,"column":83},"end":{"line":6,"column":84}},"loc":{"start":{"line":6,"column":95},"end":{"line":15,"column":3}},"line":6}},"branchMap":{"0":{"loc":{"start":{"line":14,"column":11},"end":{"line":14,"column":66}},"type":"binary-expr","locations":[{"start":{"line":14,"column":11},"end":{"line":14,"column":40}},{"start":{"line":14,"column":44},"end":{"line":14,"column":66}}],"line":14}},"s":{"0":0,"1":0,"2":0,"3":0,"4":0,"5":0,"6":0,"7":0,"8":0,"9":0},"f":{"0":0,"1":0},"b":{"0":[0,0]},"all":true},"c:\\Users\\Oana\\Documents\\_Pluralsight\\Angular-AlbumStoreProductPage\\src\\spec\\mocha-specs\\part3\\product-service-imported-into-product-description.js":{"path":"c:\\Users\\Oana\\Documents\\_Pluralsight\\Angular-AlbumStoreProductPage\\src\\spec\\mocha-specs\\part3\\product-service-imported-into-product-description.js","statementMap":{"0":{"start":{"line":1,"column":9},"end":{"line":1,"column":22}},"1":{"start":{"line":2,"column":13},"end":{"line":2,"column":35}},"2":{"start":{"line":3,"column":13},"end":{"line":3,"column":35}},"3":{"start":{"line":5,"column":0},"end":{"line":16,"column":3}},"4":{"start":{"line":6,"column":2},"end":{"line":15,"column":5}},"5":{"start":{"line":8,"column":4},"end":{"line":12,"column":5}},"6":{"start":{"line":9,"column":6},"end":{"line":9,"column":122}},"7":{"start":{"line":11,"column":6},"end":{"line":11,"column":70}},"8":{"start":{"line":13,"column":13},"end":{"line":13,"column":95}},"9":{"start":{"line":14,"column":4},"end":{"line":14,"column":144}}},"fnMap":{"0":{"name":"(anonymous_0)","decl":{"start":{"line":5,"column":31},"end":{"line":5,"column":32}},"loc":{"start":{"line":5,"column":42},"end":{"line":16,"column":1}},"line":5},"1":{"name":"(anonymous_1)","decl":{"start":{"line":6,"column":92},"end":{"line":6,"column":93}},"loc":{"start":{"line":6,"column":104},"end":{"line":15,"column":3}},"line":6}},"branchMap":{"0":{"loc":{"start":{"line":14,"column":11},"end":{"line":14,"column":66}},"type":"binary-expr","locations":[{"start":{"line":14,"column":11},"end":{"line":14,"column":40}},{"start":{"line":14,"column":44},"end":{"line":14,"column":66}}],"line":14}},"s":{"0":0,"1":0,"2":0,"3":0,"4":0,"5":0,"6":0,"7":0,"8":0,"9":0},"f":{"0":0,"1":0},"b":{"0":[0,0]},"all":true},"c:\\Users\\Oana\\Documents\\_Pluralsight\\Angular-AlbumStoreProductPage\\src\\spec\\mocha-specs\\part3\\product-service-imports-http-and-response.mocha.spec.js":{"path":"c:\\Users\\Oana\\Documents\\_Pluralsight\\Angular-AlbumStoreProductPage\\src\\spec\\mocha-specs\\part3\\product-service-imports-http-and-response.mocha.spec.js","statementMap":{"0":{"start":{"line":1,"column":9},"end":{"line":1,"column":22}},"1":{"start":{"line":2,"column":13},"end":{"line":2,"column":35}},"2":{"start":{"line":3,"column":13},"end":{"line":3,"column":35}},"3":{"start":{"line":5,"column":0},"end":{"line":24,"column":3}},"4":{"start":{"line":6,"column":2},"end":{"line":23,"column":5}},"5":{"start":{"line":8,"column":4},"end":{"line":12,"column":5}},"6":{"start":{"line":9,"column":6},"end":{"line":9,"column":88}},"7":{"start":{"line":11,"column":6},"end":{"line":11,"column":60}},"8":{"start":{"line":13,"column":13},"end":{"line":13,"column":77}},"9":{"start":{"line":14,"column":16},"end":{"line":14,"column":30}},"10":{"start":{"line":15,"column":4},"end":{"line":15,"column":121}},"11":{"start":{"line":17,"column":14},"end":{"line":17,"column":33}},"12":{"start":{"line":18,"column":4},"end":{"line":20,"column":5}},"13":{"start":{"line":18,"column":17},"end":{"line":18,"column":18}},"14":{"start":{"line":19,"column":6},"end":{"line":19,"column":29}},"15":{"start":{"line":21,"column":4},"end":{"line":21,"column":133}},"16":{"start":{"line":22,"column":4},"end":{"line":22,"column":141}}},"fnMap":{"0":{"name":"(anonymous_0)","decl":{"start":{"line":5,"column":27},"end":{"line":5,"column":28}},"loc":{"start":{"line":5,"column":38},"end":{"line":24,"column":1}},"line":5},"1":{"name":"(anonymous_1)","decl":{"start":{"line":6,"column":95},"end":{"line":6,"column":96}},"loc":{"start":{"line":6,"column":107},"end":{"line":23,"column":3}},"line":6}},"branchMap":{"0":{"loc":{"start":{"line":21,"column":11},"end":{"line":21,"column":53}},"type":"binary-expr","locations":[{"start":{"line":21,"column":11},"end":{"line":21,"column":29}},{"start":{"line":21,"column":33},"end":{"line":21,"column":53}}],"line":21},"1":{"loc":{"start":{"line":22,"column":11},"end":{"line":22,"column":57}},"type":"binary-expr","locations":[{"start":{"line":22,"column":11},"end":{"line":22,"column":29}},{"start":{"line":22,"column":33},"end":{"line":22,"column":57}}],"line":22}},"s":{"0":0,"1":0,"2":0,"3":0,"4":0,"5":0,"6":0,"7":0,"8":0,"9":0,"10":0,"11":0,"12":0,"13":0,"14":0,"15":0,"16":0},"f":{"0":0,"1":0},"b":{"0":[0,0],"1":[0,0]},"all":true},"c:\\Users\\Oana\\Documents\\_Pluralsight\\Angular-AlbumStoreProductPage\\src\\spec\\mocha-specs\\part3\\product-service-injects-http.mocha.spec.js":{"path":"c:\\Users\\Oana\\Documents\\_Pluralsight\\Angular-AlbumStoreProductPage\\src\\spec\\mocha-specs\\part3\\product-service-injects-http.mocha.spec.js","statementMap":{"0":{"start":{"line":1,"column":9},"end":{"line":1,"column":22}},"1":{"start":{"line":2,"column":13},"end":{"line":2,"column":35}},"2":{"start":{"line":3,"column":13},"end":{"line":3,"column":35}},"3":{"start":{"line":5,"column":0},"end":{"line":23,"column":3}},"4":{"start":{"line":6,"column":2},"end":{"line":22,"column":5}},"5":{"start":{"line":8,"column":4},"end":{"line":12,"column":5}},"6":{"start":{"line":9,"column":6},"end":{"line":9,"column":88}},"7":{"start":{"line":11,"column":6},"end":{"line":11,"column":66}},"8":{"start":{"line":13,"column":13},"end":{"line":13,"column":43}},"9":{"start":{"line":14,"column":16},"end":{"line":14,"column":30}},"10":{"start":{"line":15,"column":4},"end":{"line":15,"column":84}},"11":{"start":{"line":17,"column":14},"end":{"line":17,"column":29}},"12":{"start":{"line":19,"column":17},"end":{"line":19,"column":53}},"13":{"start":{"line":20,"column":20},"end":{"line":20,"column":37}},"14":{"start":{"line":21,"column":4},"end":{"line":21,"column":113}}},"fnMap":{"0":{"name":"(anonymous_0)","decl":{"start":{"line":5,"column":27},"end":{"line":5,"column":28}},"loc":{"start":{"line":5,"column":38},"end":{"line":23,"column":1}},"line":5},"1":{"name":"(anonymous_1)","decl":{"start":{"line":6,"column":101},"end":{"line":6,"column":102}},"loc":{"start":{"line":6,"column":113},"end":{"line":22,"column":3}},"line":6}},"branchMap":{},"s":{"0":0,"1":0,"2":0,"3":0,"4":0,"5":0,"6":0,"7":0,"8":0,"9":0,"10":0,"11":0,"12":0,"13":0,"14":0},"f":{"0":0,"1":0},"b":{},"all":true},"c:\\Users\\Oana\\Documents\\_Pluralsight\\Angular-AlbumStoreProductPage\\src\\spec\\mocha-specs\\part4\\album-interface-exists.mocha.spec.js":{"path":"c:\\Users\\Oana\\Documents\\_Pluralsight\\Angular-AlbumStoreProductPage\\src\\spec\\mocha-specs\\part4\\album-interface-exists.mocha.spec.js","statementMap":{"0":{"start":{"line":1,"column":9},"end":{"line":1,"column":22}},"1":{"start":{"line":2,"column":13},"end":{"line":2,"column":35}},"2":{"start":{"line":3,"column":13},"end":{"line":3,"column":35}},"3":{"start":{"line":5,"column":0},"end":{"line":19,"column":3}},"4":{"start":{"line":6,"column":2},"end":{"line":18,"column":5}},"5":{"start":{"line":7,"column":4},"end":{"line":7,"column":112}},"6":{"start":{"line":10,"column":4},"end":{"line":14,"column":5}},"7":{"start":{"line":11,"column":6},"end":{"line":11,"column":78}},"8":{"start":{"line":13,"column":6},"end":{"line":13,"column":67}},"9":{"start":{"line":16,"column":13},"end":{"line":16,"column":41}},"10":{"start":{"line":17,"column":4},"end":{"line":17,"column":149}}},"fnMap":{"0":{"name":"(anonymous_0)","decl":{"start":{"line":5,"column":28},"end":{"line":5,"column":29}},"loc":{"start":{"line":5,"column":39},"end":{"line":19,"column":1}},"line":5},"1":{"name":"(anonymous_1)","decl":{"start":{"line":6,"column":45},"end":{"line":6,"column":46}},"loc":{"start":{"line":6,"column":57},"end":{"line":18,"column":3}},"line":6}},"branchMap":{"0":{"loc":{"start":{"line":17,"column":11},"end":{"line":17,"column":66}},"type":"binary-expr","locations":[{"start":{"line":17,"column":11},"end":{"line":17,"column":40}},{"start":{"line":17,"column":44},"end":{"line":17,"column":66}}],"line":17}},"s":{"0":0,"1":0,"2":0,"3":0,"4":0,"5":0,"6":0,"7":0,"8":0,"9":0,"10":0},"f":{"0":0,"1":0},"b":{"0":[0,0]},"all":true},"c:\\Users\\Oana\\Documents\\_Pluralsight\\Angular-AlbumStoreProductPage\\src\\spec\\mocha-specs\\part4\\album-interface-has-four-properties.mocha.spec.js":{"path":"c:\\Users\\Oana\\Documents\\_Pluralsight\\Angular-AlbumStoreProductPage\\src\\spec\\mocha-specs\\part4\\album-interface-has-four-properties.mocha.spec.js","statementMap":{"0":{"start":{"line":1,"column":9},"end":{"line":1,"column":22}},"1":{"start":{"line":2,"column":13},"end":{"line":2,"column":35}},"2":{"start":{"line":3,"column":13},"end":{"line":3,"column":35}},"3":{"start":{"line":5,"column":0},"end":{"line":164,"column":3}},"4":{"start":{"line":6,"column":2},"end":{"line":44,"column":5}},"5":{"start":{"line":8,"column":4},"end":{"line":12,"column":5}},"6":{"start":{"line":9,"column":6},"end":{"line":9,"column":78}},"7":{"start":{"line":11,"column":6},"end":{"line":11,"column":61}},"8":{"start":{"line":13,"column":13},"end":{"line":13,"column":71}},"9":{"start":{"line":14,"column":16},"end":{"line":14,"column":30}},"10":{"start":{"line":15,"column":4},"end":{"line":15,"column":131}},"11":{"start":{"line":17,"column":14},"end":{"line":17,"column":34}},"12":{"start":{"line":18,"column":4},"end":{"line":20,"column":5}},"13":{"start":{"line":18,"column":17},"end":{"line":18,"column":18}},"14":{"start":{"line":19,"column":6},"end":{"line":19,"column":29}},"15":{"start":{"line":22,"column":21},"end":{"line":22,"column":23}},"16":{"start":{"line":23,"column":4},"end":{"line":30,"column":5}},"17":{"start":{"line":23,"column":17},"end":{"line":23,"column":18}},"18":{"start":{"line":24,"column":6},"end":{"line":29,"column":7}},"19":{"start":{"line":25,"column":18},"end":{"line":25,"column":20}},"20":{"start":{"line":26,"column":8},"end":{"line":26,"column":56}},"21":{"start":{"line":27,"column":8},"end":{"line":27,"column":58}},"22":{"start":{"line":28,"column":8},"end":{"line":28,"column":28}},"23":{"start":{"line":32,"column":23},"end":{"line":32,"column":28}},"24":{"start":{"line":33,"column":25},"end":{"line":33,"column":30}},"25":{"start":{"line":34,"column":4},"end":{"line":41,"column":5}},"26":{"start":{"line":34,"column":17},"end":{"line":34,"column":18}},"27":{"start":{"line":35,"column":6},"end":{"line":40,"column":7}},"28":{"start":{"line":36,"column":8},"end":{"line":36,"column":28}},"29":{"start":{"line":37,"column":8},"end":{"line":39,"column":9}},"30":{"start":{"line":38,"column":10},"end":{"line":38,"column":32}},"31":{"start":{"line":42,"column":4},"end":{"line":42,"column":88}},"32":{"start":{"line":43,"column":4},"end":{"line":43,"column":93}},"33":{"start":{"line":46,"column":2},"end":{"line":84,"column":5}},"34":{"start":{"line":48,"column":4},"end":{"line":52,"column":5}},"35":{"start":{"line":49,"column":6},"end":{"line":49,"column":78}},"36":{"start":{"line":51,"column":6},"end":{"line":51,"column":61}},"37":{"start":{"line":53,"column":13},"end":{"line":53,"column":71}},"38":{"start":{"line":54,"column":16},"end":{"line":54,"column":30}},"39":{"start":{"line":55,"column":4},"end":{"line":55,"column":131}},"40":{"start":{"line":57,"column":14},"end":{"line":57,"column":34}},"41":{"start":{"line":58,"column":4},"end":{"line":60,"column":5}},"42":{"start":{"line":58,"column":17},"end":{"line":58,"column":18}},"43":{"start":{"line":59,"column":6},"end":{"line":59,"column":29}},"44":{"start":{"line":62,"column":21},"end":{"line":62,"column":23}},"45":{"start":{"line":63,"column":4},"end":{"line":70,"column":5}},"46":{"start":{"line":63,"column":17},"end":{"line":63,"column":18}},"47":{"start":{"line":64,"column":6},"end":{"line":69,"column":7}},"48":{"start":{"line":65,"column":18},"end":{"line":65,"column":20}},"49":{"start":{"line":66,"column":8},"end":{"line":66,"column":56}},"50":{"start":{"line":67,"column":8},"end":{"line":67,"column":58}},"51":{"start":{"line":68,"column":8},"end":{"line":68,"column":28}},"52":{"start":{"line":72,"column":30},"end":{"line":72,"column":35}},"53":{"start":{"line":73,"column":32},"end":{"line":73,"column":37}},"54":{"start":{"line":74,"column":4},"end":{"line":81,"column":5}},"55":{"start":{"line":74,"column":17},"end":{"line":74,"column":18}},"56":{"start":{"line":75,"column":6},"end":{"line":80,"column":7}},"57":{"start":{"line":76,"column":8},"end":{"line":76,"column":35}},"58":{"start":{"line":77,"column":8},"end":{"line":79,"column":9}},"59":{"start":{"line":78,"column":10},"end":{"line":78,"column":39}},"60":{"start":{"line":82,"column":4},"end":{"line":82,"column":102}},"61":{"start":{"line":83,"column":4},"end":{"line":83,"column":107}},"62":{"start":{"line":86,"column":2},"end":{"line":124,"column":5}},"63":{"start":{"line":88,"column":4},"end":{"line":92,"column":5}},"64":{"start":{"line":89,"column":6},"end":{"line":89,"column":78}},"65":{"start":{"line":91,"column":6},"end":{"line":91,"column":61}},"66":{"start":{"line":93,"column":13},"end":{"line":93,"column":71}},"67":{"start":{"line":94,"column":16},"end":{"line":94,"column":30}},"68":{"start":{"line":95,"column":4},"end":{"line":95,"column":131}},"69":{"start":{"line":97,"column":14},"end":{"line":97,"column":34}},"70":{"start":{"line":98,"column":4},"end":{"line":100,"column":5}},"71":{"start":{"line":98,"column":17},"end":{"line":98,"column":18}},"72":{"start":{"line":99,"column":6},"end":{"line":99,"column":29}},"73":{"start":{"line":102,"column":21},"end":{"line":102,"column":23}},"74":{"start":{"line":103,"column":4},"end":{"line":110,"column":5}},"75":{"start":{"line":103,"column":17},"end":{"line":103,"column":18}},"76":{"start":{"line":104,"column":6},"end":{"line":109,"column":7}},"77":{"start":{"line":105,"column":18},"end":{"line":105,"column":20}},"78":{"start":{"line":106,"column":8},"end":{"line":106,"column":56}},"79":{"start":{"line":107,"column":8},"end":{"line":107,"column":58}},"80":{"start":{"line":108,"column":8},"end":{"line":108,"column":28}},"81":{"start":{"line":112,"column":29},"end":{"line":112,"column":34}},"82":{"start":{"line":113,"column":31},"end":{"line":113,"column":36}},"83":{"start":{"line":114,"column":4},"end":{"line":121,"column":5}},"84":{"start":{"line":114,"column":17},"end":{"line":114,"column":18}},"85":{"start":{"line":115,"column":6},"end":{"line":120,"column":7}},"86":{"start":{"line":116,"column":8},"end":{"line":116,"column":34}},"87":{"start":{"line":117,"column":8},"end":{"line":119,"column":9}},"88":{"start":{"line":118,"column":10},"end":{"line":118,"column":38}},"89":{"start":{"line":122,"column":4},"end":{"line":122,"column":100}},"90":{"start":{"line":123,"column":4},"end":{"line":123,"column":105}},"91":{"start":{"line":125,"column":2},"end":{"line":163,"column":5}},"92":{"start":{"line":127,"column":4},"end":{"line":131,"column":5}},"93":{"start":{"line":128,"column":6},"end":{"line":128,"column":78}},"94":{"start":{"line":130,"column":6},"end":{"line":130,"column":61}},"95":{"start":{"line":132,"column":13},"end":{"line":132,"column":71}},"96":{"start":{"line":133,"column":16},"end":{"line":133,"column":30}},"97":{"start":{"line":134,"column":4},"end":{"line":134,"column":131}},"98":{"start":{"line":136,"column":14},"end":{"line":136,"column":34}},"99":{"start":{"line":137,"column":4},"end":{"line":139,"column":5}},"100":{"start":{"line":137,"column":17},"end":{"line":137,"column":18}},"101":{"start":{"line":138,"column":6},"end":{"line":138,"column":29}},"102":{"start":{"line":141,"column":21},"end":{"line":141,"column":23}},"103":{"start":{"line":142,"column":4},"end":{"line":149,"column":5}},"104":{"start":{"line":142,"column":17},"end":{"line":142,"column":18}},"105":{"start":{"line":143,"column":6},"end":{"line":148,"column":7}},"106":{"start":{"line":144,"column":18},"end":{"line":144,"column":20}},"107":{"start":{"line":145,"column":8},"end":{"line":145,"column":56}},"108":{"start":{"line":146,"column":8},"end":{"line":146,"column":58}},"109":{"start":{"line":147,"column":8},"end":{"line":147,"column":28}},"110":{"start":{"line":151,"column":25},"end":{"line":151,"column":30}},"111":{"start":{"line":152,"column":27},"end":{"line":152,"column":32}},"112":{"start":{"line":153,"column":4},"end":{"line":160,"column":5}},"113":{"start":{"line":153,"column":17},"end":{"line":153,"column":18}},"114":{"start":{"line":154,"column":6},"end":{"line":159,"column":7}},"115":{"start":{"line":155,"column":8},"end":{"line":155,"column":30}},"116":{"start":{"line":156,"column":8},"end":{"line":158,"column":9}},"117":{"start":{"line":157,"column":10},"end":{"line":157,"column":34}},"118":{"start":{"line":161,"column":4},"end":{"line":161,"column":92}},"119":{"start":{"line":162,"column":4},"end":{"line":162,"column":98}}},"fnMap":{"0":{"name":"(anonymous_0)","decl":{"start":{"line":5,"column":28},"end":{"line":5,"column":29}},"loc":{"start":{"line":5,"column":40},"end":{"line":164,"column":1}},"line":5},"1":{"name":"(anonymous_1)","decl":{"start":{"line":6,"column":86},"end":{"line":6,"column":87}},"loc":{"start":{"line":6,"column":98},"end":{"line":44,"column":3}},"line":6},"2":{"name":"(anonymous_2)","decl":{"start":{"line":46,"column":93},"end":{"line":46,"column":94}},"loc":{"start":{"line":46,"column":105},"end":{"line":84,"column":3}},"line":46},"3":{"name":"(anonymous_3)","decl":{"start":{"line":86,"column":92},"end":{"line":86,"column":93}},"loc":{"start":{"line":86,"column":104},"end":{"line":124,"column":3}},"line":86},"4":{"name":"(anonymous_4)","decl":{"start":{"line":125,"column":89},"end":{"line":125,"column":90}},"loc":{"start":{"line":125,"column":101},"end":{"line":163,"column":3}},"line":125}},"branchMap":{"0":{"loc":{"start":{"line":15,"column":11},"end":{"line":15,"column":48}},"type":"binary-expr","locations":[{"start":{"line":15,"column":11},"end":{"line":15,"column":31}},{"start":{"line":15,"column":35},"end":{"line":15,"column":48}}],"line":15},"1":{"loc":{"start":{"line":24,"column":6},"end":{"line":29,"column":7}},"type":"if","locations":[{"start":{"line":24,"column":6},"end":{"line":29,"column":7}},{"start":{"line":24,"column":6},"end":{"line":29,"column":7}}],"line":24},"2":{"loc":{"start":{"line":35,"column":6},"end":{"line":40,"column":7}},"type":"if","locations":[{"start":{"line":35,"column":6},"end":{"line":40,"column":7}},{"start":{"line":35,"column":6},"end":{"line":40,"column":7}}],"line":35},"3":{"loc":{"start":{"line":37,"column":8},"end":{"line":39,"column":9}},"type":"if","locations":[{"start":{"line":37,"column":8},"end":{"line":39,"column":9}},{"start":{"line":37,"column":8},"end":{"line":39,"column":9}}],"line":37},"4":{"loc":{"start":{"line":55,"column":11},"end":{"line":55,"column":48}},"type":"binary-expr","locations":[{"start":{"line":55,"column":11},"end":{"line":55,"column":31}},{"start":{"line":55,"column":35},"end":{"line":55,"column":48}}],"line":55},"5":{"loc":{"start":{"line":64,"column":6},"end":{"line":69,"column":7}},"type":"if","locations":[{"start":{"line":64,"column":6},"end":{"line":69,"column":7}},{"start":{"line":64,"column":6},"end":{"line":69,"column":7}}],"line":64},"6":{"loc":{"start":{"line":75,"column":6},"end":{"line":80,"column":7}},"type":"if","locations":[{"start":{"line":75,"column":6},"end":{"line":80,"column":7}},{"start":{"line":75,"column":6},"end":{"line":80,"column":7}}],"line":75},"7":{"loc":{"start":{"line":77,"column":8},"end":{"line":79,"column":9}},"type":"if","locations":[{"start":{"line":77,"column":8},"end":{"line":79,"column":9}},{"start":{"line":77,"column":8},"end":{"line":79,"column":9}}],"line":77},"8":{"loc":{"start":{"line":95,"column":11},"end":{"line":95,"column":48}},"type":"binary-expr","locations":[{"start":{"line":95,"column":11},"end":{"line":95,"column":31}},{"start":{"line":95,"column":35},"end":{"line":95,"column":48}}],"line":95},"9":{"loc":{"start":{"line":104,"column":6},"end":{"line":109,"column":7}},"type":"if","locations":[{"start":{"line":104,"column":6},"end":{"line":109,"column":7}},{"start":{"line":104,"column":6},"end":{"line":109,"column":7}}],"line":104},"10":{"loc":{"start":{"line":115,"column":6},"end":{"line":120,"column":7}},"type":"if","locations":[{"start":{"line":115,"column":6},"end":{"line":120,"column":7}},{"start":{"line":115,"column":6},"end":{"line":120,"column":7}}],"line":115},"11":{"loc":{"start":{"line":117,"column":8},"end":{"line":119,"column":9}},"type":"if","locations":[{"start":{"line":117,"column":8},"end":{"line":119,"column":9}},{"start":{"line":117,"column":8},"end":{"line":119,"column":9}}],"line":117},"12":{"loc":{"start":{"line":134,"column":11},"end":{"line":134,"column":48}},"type":"binary-expr","locations":[{"start":{"line":134,"column":11},"end":{"line":134,"column":31}},{"start":{"line":134,"column":35},"end":{"line":134,"column":48}}],"line":134},"13":{"loc":{"start":{"line":143,"column":6},"end":{"line":148,"column":7}},"type":"if","locations":[{"start":{"line":143,"column":6},"end":{"line":148,"column":7}},{"start":{"line":143,"column":6},"end":{"line":148,"column":7}}],"line":143},"14":{"loc":{"start":{"line":154,"column":6},"end":{"line":159,"column":7}},"type":"if","locations":[{"start":{"line":154,"column":6},"end":{"line":159,"column":7}},{"start":{"line":154,"column":6},"end":{"line":159,"column":7}}],"line":154},"15":{"loc":{"start":{"line":156,"column":8},"end":{"line":158,"column":9}},"type":"if","locations":[{"start":{"line":156,"column":8},"end":{"line":158,"column":9}},{"start":{"line":156,"column":8},"end":{"line":158,"column":9}}],"line":156}},"s":{"0":0,"1":0,"2":0,"3":0,"4":0,"5":0,"6":0,"7":0,"8":0,"9":0,"10":0,"11":0,"12":0,"13":0,"14":0,"15":0,"16":0,"17":0,"18":0,"19":0,"20":0,"21":0,"22":0,"23":0,"24":0,"25":0,"26":0,"27":0,"28":0,"29":0,"30":0,"31":0,"32":0,"33":0,"34":0,"35":0,"36":0,"37":0,"38":0,"39":0,"40":0,"41":0,"42":0,"43":0,"44":0,"45":0,"46":0,"47":0,"48":0,"49":0,"50":0,"51":0,"52":0,"53":0,"54":0,"55":0,"56":0,"57":0,"58":0,"59":0,"60":0,"61":0,"62":0,"63":0,"64":0,"65":0,"66":0,"67":0,"68":0,"69":0,"70":0,"71":0,"72":0,"73":0,"74":0,"75":0,"76":0,"77":0,"78":0,"79":0,"80":0,"81":0,"82":0,"83":0,"84":0,"85":0,"86":0,"87":0,"88":0,"89":0,"90":0,"91":0,"92":0,"93":0,"94":0,"95":0,"96":0,"97":0,"98":0,"99":0,"100":0,"101":0,"102":0,"103":0,"104":0,"105":0,"106":0,"107":0,"108":0,"109":0,"110":0,"111":0,"112":0,"113":0,"114":0,"115":0,"116":0,"117":0,"118":0,"119":0},"f":{"0":0,"1":0,"2":0,"3":0,"4":0},"b":{"0":[0,0],"1":[0,0],"2":[0,0],"3":[0,0],"4":[0,0],"5":[0,0],"6":[0,0],"7":[0,0],"8":[0,0],"9":[0,0],"10":[0,0],"11":[0,0],"12":[0,0],"13":[0,0],"14":[0,0],"15":[0,0]},"all":true},"c:\\Users\\Oana\\Documents\\_Pluralsight\\Angular-AlbumStoreProductPage\\src\\spec\\mocha-specs\\part4\\album-interface-imported-into-product-description.mocha.spec.js":{"path":"c:\\Users\\Oana\\Documents\\_Pluralsight\\Angular-AlbumStoreProductPage\\src\\spec\\mocha-specs\\part4\\album-interface-imported-into-product-description.mocha.spec.js","statementMap":{"0":{"start":{"line":1,"column":9},"end":{"line":1,"column":22}},"1":{"start":{"line":2,"column":13},"end":{"line":2,"column":35}},"2":{"start":{"line":3,"column":13},"end":{"line":3,"column":35}},"3":{"start":{"line":5,"column":0},"end":{"line":16,"column":3}},"4":{"start":{"line":6,"column":2},"end":{"line":15,"column":5}},"5":{"start":{"line":8,"column":4},"end":{"line":12,"column":5}},"6":{"start":{"line":9,"column":6},"end":{"line":9,"column":122}},"7":{"start":{"line":11,"column":6},"end":{"line":11,"column":69}},"8":{"start":{"line":13,"column":13},"end":{"line":13,"column":75}},"9":{"start":{"line":14,"column":4},"end":{"line":14,"column":154}}},"fnMap":{"0":{"name":"(anonymous_0)","decl":{"start":{"line":5,"column":31},"end":{"line":5,"column":32}},"loc":{"start":{"line":5,"column":42},"end":{"line":16,"column":1}},"line":5},"1":{"name":"(anonymous_1)","decl":{"start":{"line":6,"column":93},"end":{"line":6,"column":94}},"loc":{"start":{"line":6,"column":105},"end":{"line":15,"column":3}},"line":6}},"branchMap":{"0":{"loc":{"start":{"line":14,"column":11},"end":{"line":14,"column":66}},"type":"binary-expr","locations":[{"start":{"line":14,"column":11},"end":{"line":14,"column":40}},{"start":{"line":14,"column":44},"end":{"line":14,"column":66}}],"line":14}},"s":{"0":0,"1":0,"2":0,"3":0,"4":0,"5":0,"6":0,"7":0,"8":0,"9":0},"f":{"0":0,"1":0},"b":{"0":[0,0]},"all":true},"c:\\Users\\Oana\\Documents\\_Pluralsight\\Angular-AlbumStoreProductPage\\src\\spec\\mocha-specs\\part4\\album-interface-imported-into-product-service.mocha.spec.js":{"path":"c:\\Users\\Oana\\Documents\\_Pluralsight\\Angular-AlbumStoreProductPage\\src\\spec\\mocha-specs\\part4\\album-interface-imported-into-product-service.mocha.spec.js","statementMap":{"0":{"start":{"line":1,"column":9},"end":{"line":1,"column":22}},"1":{"start":{"line":2,"column":13},"end":{"line":2,"column":35}},"2":{"start":{"line":3,"column":13},"end":{"line":3,"column":35}},"3":{"start":{"line":5,"column":0},"end":{"line":16,"column":3}},"4":{"start":{"line":6,"column":2},"end":{"line":15,"column":5}},"5":{"start":{"line":8,"column":4},"end":{"line":12,"column":5}},"6":{"start":{"line":9,"column":6},"end":{"line":9,"column":88}},"7":{"start":{"line":11,"column":6},"end":{"line":11,"column":66}},"8":{"start":{"line":13,"column":13},"end":{"line":13,"column":73}},"9":{"start":{"line":14,"column":4},"end":{"line":14,"column":141}}},"fnMap":{"0":{"name":"(anonymous_0)","decl":{"start":{"line":5,"column":27},"end":{"line":5,"column":28}},"loc":{"start":{"line":5,"column":38},"end":{"line":16,"column":1}},"line":5},"1":{"name":"(anonymous_1)","decl":{"start":{"line":6,"column":89},"end":{"line":6,"column":90}},"loc":{"start":{"line":6,"column":101},"end":{"line":15,"column":3}},"line":6}},"branchMap":{"0":{"loc":{"start":{"line":14,"column":11},"end":{"line":14,"column":66}},"type":"binary-expr","locations":[{"start":{"line":14,"column":11},"end":{"line":14,"column":40}},{"start":{"line":14,"column":44},"end":{"line":14,"column":66}}],"line":14}},"s":{"0":0,"1":0,"2":0,"3":0,"4":0,"5":0,"6":0,"7":0,"8":0,"9":0},"f":{"0":0,"1":0},"b":{"0":[0,0]},"all":true},"c:\\Users\\Oana\\Documents\\_Pluralsight\\Angular-AlbumStoreProductPage\\src\\spec\\mocha-specs\\part4\\product-description-albuminfo-property-typed-to-album.mocha.spec.js":{"path":"c:\\Users\\Oana\\Documents\\_Pluralsight\\Angular-AlbumStoreProductPage\\src\\spec\\mocha-specs\\part4\\product-description-albuminfo-property-typed-to-album.mocha.spec.js","statementMap":{"0":{"start":{"line":1,"column":9},"end":{"line":1,"column":22}},"1":{"start":{"line":2,"column":13},"end":{"line":2,"column":35}},"2":{"start":{"line":3,"column":13},"end":{"line":3,"column":35}},"3":{"start":{"line":5,"column":0},"end":{"line":20,"column":3}},"4":{"start":{"line":6,"column":2},"end":{"line":19,"column":5}},"5":{"start":{"line":8,"column":4},"end":{"line":12,"column":5}},"6":{"start":{"line":9,"column":6},"end":{"line":9,"column":122}},"7":{"start":{"line":11,"column":6},"end":{"line":11,"column":69}},"8":{"start":{"line":13,"column":13},"end":{"line":13,"column":37}},"9":{"start":{"line":14,"column":16},"end":{"line":14,"column":30}},"10":{"start":{"line":15,"column":4},"end":{"line":15,"column":118}},"11":{"start":{"line":17,"column":24},"end":{"line":17,"column":39}},"12":{"start":{"line":18,"column":4},"end":{"line":18,"column":95}}},"fnMap":{"0":{"name":"(anonymous_0)","decl":{"start":{"line":5,"column":31},"end":{"line":5,"column":32}},"loc":{"start":{"line":5,"column":42},"end":{"line":20,"column":1}},"line":5},"1":{"name":"(anonymous_1)","decl":{"start":{"line":6,"column":112},"end":{"line":6,"column":113}},"loc":{"start":{"line":6,"column":124},"end":{"line":19,"column":3}},"line":6}},"branchMap":{},"s":{"0":0,"1":0,"2":0,"3":0,"4":0,"5":0,"6":0,"7":0,"8":0,"9":0,"10":0,"11":0,"12":0},"f":{"0":0,"1":0},"b":{},"all":true},"c:\\Users\\Oana\\Documents\\_Pluralsight\\Angular-AlbumStoreProductPage\\src\\spec\\mocha-specs\\part4\\product-service-getalbum-method-returns-typed-observable.mocha.spec.js":{"path":"c:\\Users\\Oana\\Documents\\_Pluralsight\\Angular-AlbumStoreProductPage\\src\\spec\\mocha-specs\\part4\\product-service-getalbum-method-returns-typed-observable.mocha.spec.js","statementMap":{"0":{"start":{"line":1,"column":9},"end":{"line":1,"column":22}},"1":{"start":{"line":2,"column":13},"end":{"line":2,"column":35}},"2":{"start":{"line":3,"column":13},"end":{"line":3,"column":35}},"3":{"start":{"line":5,"column":0},"end":{"line":36,"column":3}},"4":{"start":{"line":6,"column":2},"end":{"line":15,"column":5}},"5":{"start":{"line":8,"column":4},"end":{"line":12,"column":5}},"6":{"start":{"line":9,"column":6},"end":{"line":9,"column":88}},"7":{"start":{"line":11,"column":6},"end":{"line":11,"column":66}},"8":{"start":{"line":13,"column":13},"end":{"line":13,"column":90}},"9":{"start":{"line":14,"column":4},"end":{"line":14,"column":127}},"10":{"start":{"line":17,"column":2},"end":{"line":35,"column":5}},"11":{"start":{"line":19,"column":4},"end":{"line":23,"column":5}},"12":{"start":{"line":20,"column":6},"end":{"line":20,"column":88}},"13":{"start":{"line":22,"column":6},"end":{"line":22,"column":66}},"14":{"start":{"line":24,"column":13},"end":{"line":24,"column":71}},"15":{"start":{"line":25,"column":16},"end":{"line":25,"column":30}},"16":{"start":{"line":26,"column":4},"end":{"line":26,"column":121}},"17":{"start":{"line":28,"column":19},"end":{"line":28,"column":34}},"18":{"start":{"line":30,"column":14},"end":{"line":30,"column":43}},"19":{"start":{"line":31,"column":17},"end":{"line":31,"column":36}},"20":{"start":{"line":33,"column":4},"end":{"line":33,"column":96}},"21":{"start":{"line":34,"column":4},"end":{"line":34,"column":114}}},"fnMap":{"0":{"name":"(anonymous_0)","decl":{"start":{"line":5,"column":43},"end":{"line":5,"column":44}},"loc":{"start":{"line":5,"column":55},"end":{"line":36,"column":1}},"line":5},"1":{"name":"(anonymous_1)","decl":{"start":{"line":6,"column":102},"end":{"line":6,
[...]
Page\\src\\spec\\part5\\product-tracklisting-component-css2.projects.spec.ts":{"path":"c:\\Users\\Oana\\Documents\\_Pluralsight\\Angular-AlbumStoreProductPage\\src\\spec\\part5\\product-tracklisting-component-css2.projects.spec.ts","statementMap":{"0":{"start":{"line":3,"column":14},"end":{"line":3,"column":30}},"1":{"start":{"line":4,"column":10},"end":{"line":4,"column":27}},"2":{"start":{"line":6,"column":39},"end":{"line":6,"column":44}},"3":{"start":{"line":8,"column":0},"end":{"line":13,"column":1}},"4":{"start":{"line":9,"column":2},"end":{"line":9,"column":108}},"5":{"start":{"line":10,"column":2},"end":{"line":10,"column":42}},"6":{"start":{"line":12,"column":2},"end":{"line":12,"column":43}},"7":{"start":{"line":15,"column":0},"end":{"line":38,"column":3}},"8":{"start":{"line":17,"column":2},"end":{"line":23,"column":6}},"9":{"start":{"line":18,"column":4},"end":{"line":18,"column":124}},"10":{"start":{"line":19,"column":4},"end":{"line":22,"column":5}},"11":{"start":{"line":20,"column":19},"end":{"line":20,"column":58}},"12":{"start":{"line":21,"column":6},"end":{"line":21,"column":177}},"13":{"start":{"line":25,"column":2},"end":{"line":36,"column":6}},"14":{"start":{"line":26,"column":4},"end":{"line":26,"column":124}},"15":{"start":{"line":27,"column":4},"end":{"line":35,"column":5}},"16":{"start":{"line":28,"column":19},"end":{"line":28,"column":58}},"17":{"start":{"line":30,"column":19},"end":{"line":30,"column":66}},"18":{"start":{"line":32,"column":6},"end":{"line":32,"column":138}},"19":{"start":{"line":33,"column":6},"end":{"line":33,"column":159}},"20":{"start":{"line":34,"column":6},"end":{"line":34,"column":155}}},"fnMap":{"0":{"name":"(anonymous_0)","decl":{"start":{"line":15,"column":32},"end":{"line":15,"column":33}},"loc":{"start":{"line":15,"column":38},"end":{"line":38,"column":1}},"line":15},"1":{"name":"(anonymous_1)","decl":{"start":{"line":17,"column":95},"end":{"line":17,"column":96}},"loc":{"start":{"line":17,"column":101},"end":{"line":23,"column":3}},"line":17},"2":{"name":"(anonymous_2)","decl":{"start":{"line":25,"column":134},"end":{"line":25,"column":135}},"loc":{"start":{"line":25,"column":140},"end":{"line":36,"column":3}},"line":25}},"branchMap":{"0":{"loc":{"start":{"line":19,"column":4},"end":{"line":22,"column":5}},"type":"if","locations":[{"start":{"line":19,"column":4},"end":{"line":22,"column":5}},{"start":{"line":19,"column":4},"end":{"line":22,"column":5}}],"line":19},"1":{"loc":{"start":{"line":27,"column":4},"end":{"line":35,"column":5}},"type":"if","locations":[{"start":{"line":27,"column":4},"end":{"line":35,"column":5}},{"start":{"line":27,"column":4},"end":{"line":35,"column":5}}],"line":27}},"s":{"0":0,"1":0,"2":0,"3":0,"4":0,"5":0,"6":0,"7":0,"8":0,"9":0,"10":0,"11":0,"12":0,"13":0,"14":0,"15":0,"16":0,"17":0,"18":0,"19":0,"20":0},"f":{"0":0,"1":0,"2":0},"b":{"0":[0,0],"1":[0,0]},"all":true},"c:\\Users\\Oana\\Documents\\_Pluralsight\\Angular-AlbumStoreProductPage\\src\\spec\\part5\\product-tracklisting-component-css3.projects.spec.ts":{"path":"c:\\Users\\Oana\\Documents\\_Pluralsight\\Angular-AlbumStoreProductPage\\src\\spec\\part5\\product-tracklisting-component-css3.projects.spec.ts","statementMap":{"0":{"start":{"line":3,"column":14},"end":{"line":3,"column":30}},"1":{"start":{"line":4,"column":10},"end":{"line":4,"column":27}},"2":{"start":{"line":6,"column":39},"end":{"line":6,"column":44}},"3":{"start":{"line":8,"column":0},"end":{"line":13,"column":1}},"4":{"start":{"line":9,"column":2},"end":{"line":9,"column":108}},"5":{"start":{"line":10,"column":2},"end":{"line":10,"column":42}},"6":{"start":{"line":12,"column":2},"end":{"line":12,"column":43}},"7":{"start":{"line":15,"column":0},"end":{"line":39,"column":3}},"8":{"start":{"line":17,"column":2},"end":{"line":23,"column":6}},"9":{"start":{"line":18,"column":4},"end":{"line":18,"column":124}},"10":{"start":{"line":19,"column":4},"end":{"line":22,"column":5}},"11":{"start":{"line":20,"column":19},"end":{"line":20,"column":58}},"12":{"start":{"line":21,"column":6},"end":{"line":21,"column":178}},"13":{"start":{"line":25,"column":2},"end":{"line":37,"column":6}},"14":{"start":{"line":26,"column":4},"end":{"line":26,"column":124}},"15":{"start":{"line":27,"column":4},"end":{"line":36,"column":5}},"16":{"start":{"line":28,"column":19},"end":{"line":28,"column":58}},"17":{"start":{"line":30,"column":19},"end":{"line":30,"column":66}},"18":{"start":{"line":32,"column":6},"end":{"line":32,"column":139}},"19":{"start":{"line":33,"column":6},"end":{"line":33,"column":160}},"20":{"start":{"line":34,"column":6},"end":{"line":34,"column":141}},"21":{"start":{"line":35,"column":6},"end":{"line":35,"column":147}}},"fnMap":{"0":{"name":"(anonymous_0)","decl":{"start":{"line":15,"column":32},"end":{"line":15,"column":33}},"loc":{"start":{"line":15,"column":38},"end":{"line":39,"column":1}},"line":15},"1":{"name":"(anonymous_1)","decl":{"start":{"line":17,"column":96},"end":{"line":17,"column":97}},"loc":{"start":{"line":17,"column":102},"end":{"line":23,"column":3}},"line":17},"2":{"name":"(anonymous_2)","decl":{"start":{"line":25,"column":155},"end":{"line":25,"column":156}},"loc":{"start":{"line":25,"column":161},"end":{"line":37,"column":3}},"line":25}},"branchMap":{"0":{"loc":{"start":{"line":19,"column":4},"end":{"line":22,"column":5}},"type":"if","locations":[{"start":{"line":19,"column":4},"end":{"line":22,"column":5}},{"start":{"line":19,"column":4},"end":{"line":22,"column":5}}],"line":19},"1":{"loc":{"start":{"line":27,"column":4},"end":{"line":36,"column":5}},"type":"if","locations":[{"start":{"line":27,"column":4},"end":{"line":36,"column":5}},{"start":{"line":27,"column":4},"end":{"line":36,"column":5}}],"line":27}},"s":{"0":0,"1":0,"2":0,"3":0,"4":0,"5":0,"6":0,"7":0,"8":0,"9":0,"10":0,"11":0,"12":0,"13":0,"14":0,"15":0,"16":0,"17":0,"18":0,"19":0,"20":0,"21":0},"f":{"0":0,"1":0,"2":0},"b":{"0":[0,0],"1":[0,0]},"all":true},"c:\\Users\\Oana\\Documents\\_Pluralsight\\Angular-AlbumStoreProductPage\\src\\spec\\part5\\product-tracklisting-component-css4.projects.spec.ts":{"path":"c:\\Users\\Oana\\Documents\\_Pluralsight\\Angular-AlbumStoreProductPage\\src\\spec\\part5\\product-tracklisting-component-css4.projects.spec.ts","statementMap":{"0":{"start":{"line":3,"column":14},"end":{"line":3,"column":30}},"1":{"start":{"line":4,"column":10},"end":{"line":4,"column":27}},"2":{"start":{"line":6,"column":39},"end":{"line":6,"column":44}},"3":{"start":{"line":8,"column":0},"end":{"line":13,"column":1}},"4":{"start":{"line":9,"column":2},"end":{"line":9,"column":108}},"5":{"start":{"line":10,"column":2},"end":{"line":10,"column":42}},"6":{"start":{"line":12,"column":2},"end":{"line":12,"column":43}},"7":{"start":{"line":15,"column":0},"end":{"line":38,"column":3}},"8":{"start":{"line":17,"column":2},"end":{"line":23,"column":6}},"9":{"start":{"line":18,"column":4},"end":{"line":18,"column":124}},"10":{"start":{"line":19,"column":4},"end":{"line":22,"column":5}},"11":{"start":{"line":20,"column":19},"end":{"line":20,"column":58}},"12":{"start":{"line":21,"column":6},"end":{"line":21,"column":185}},"13":{"start":{"line":25,"column":2},"end":{"line":36,"column":6}},"14":{"start":{"line":26,"column":4},"end":{"line":26,"column":124}},"15":{"start":{"line":27,"column":4},"end":{"line":35,"column":5}},"16":{"start":{"line":28,"column":19},"end":{"line":28,"column":58}},"17":{"start":{"line":30,"column":23},"end":{"line":30,"column":74}},"18":{"start":{"line":32,"column":6},"end":{"line":32,"column":146}},"19":{"start":{"line":33,"column":6},"end":{"line":33,"column":171}},"20":{"start":{"line":34,"column":6},"end":{"line":34,"column":149}}},"fnMap":{"0":{"name":"(anonymous_0)","decl":{"start":{"line":15,"column":32},"end":{"line":15,"column":33}},"loc":{"start":{"line":15,"column":38},"end":{"line":38,"column":1}},"line":15},"1":{"name":"(anonymous_1)","decl":{"start":{"line":17,"column":99},"end":{"line":17,"column":100}},"loc":{"start":{"line":17,"column":105},"end":{"line":23,"column":3}},"line":17},"2":{"name":"(anonymous_2)","decl":{"start":{"line":25,"column":131},"end":{"line":25,"column":132}},"loc":{"start":{"line":25,"column":137},"end":{"line":36,"column":3}},"line":25}},"branchMap":{"0":{"loc":{"start":{"line":19,"column":4},"end":{"line":22,"column":5}},"type":"if","locations":[{"start":{"line":19,"column":4},"end":{"line":22,"column":5}},{"start":{"line":19,"column":4},"end":{"line":22,"column":5}}],"line":19},"1":{"loc":{"start":{"line":27,"column":4},"end":{"line":35,"column":5}},"type":"if","locations":[{"start":{"line":27,"column":4},"end":{"line":35,"column":5}},{"start":{"line":27,"column":4},"end":{"line":35,"column":5}}],"line":27}},"s":{"0":0,"1":0,"2":0,"3":0,"4":0,"5":0,"6":0,"7":0,"8":0,"9":0,"10":0,"11":0,"12":0,"13":0,"14":0,"15":0,"16":0,"17":0,"18":0,"19":0,"20":0},"f":{"0":0,"1":0,"2":0},"b":{"0":[0,0],"1":[0,0]},"all":true},"c:\\Users\\Oana\\Documents\\_Pluralsight\\Angular-AlbumStoreProductPage\\src\\spec\\part5\\product-tracklisting-html-moved.projects.spec.ts":{"path":"c:\\Users\\Oana\\Documents\\_Pluralsight\\Angular-AlbumStoreProductPage\\src\\spec\\part5\\product-tracklisting-html-moved.projects.spec.ts","statementMap":{"0":{"start":{"line":9,"column":33},"end":{"line":9,"column":38}},"1":{"start":{"line":11,"column":0},"end":{"line":16,"column":1}},"2":{"start":{"line":12,"column":2},"end":{"line":12,"column":106}},"3":{"start":{"line":13,"column":2},"end":{"line":13,"column":36}},"4":{"start":{"line":15,"column":2},"end":{"line":15,"column":37}},"5":{"start":{"line":18,"column":41},"end":{"line":18,"column":46}},"6":{"start":{"line":20,"column":0},"end":{"line":25,"column":1}},"7":{"start":{"line":21,"column":2},"end":{"line":21,"column":138}},"8":{"start":{"line":22,"column":2},"end":{"line":22,"column":44}},"9":{"start":{"line":24,"column":2},"end":{"line":24,"column":45}},"10":{"start":{"line":27,"column":0},"end":{"line":58,"column":3}},"11":{"start":{"line":28,"column":2},"end":{"line":33,"column":6}},"12":{"start":{"line":30,"column":4},"end":{"line":32,"column":27}},"13":{"start":{"line":35,"column":2},"end":{"line":46,"column":6}},"14":{"start":{"line":36,"column":4},"end":{"line":36,"column":167}},"15":{"start":{"line":37,"column":4},"end":{"line":37,"column":116}},"16":{"start":{"line":39,"column":31},"end":{"line":39,"column":76}},"17":{"start":{"line":41,"column":4},"end":{"line":45,"column":5}},"18":{"start":{"line":42,"column":6},"end":{"line":42,"column":309}},"19":{"start":{"line":44,"column":6},"end":{"line":44,"column":257}},"20":{"start":{"line":48,"column":2},"end":{"line":55,"column":6}},"21":{"start":{"line":49,"column":4},"end":{"line":49,"column":116}},"22":{"start":{"line":51,"column":31},"end":{"line":51,"column":76}},"23":{"start":{"line":53,"column":4},"end":{"line":53,"column":174}},"24":{"start":{"line":54,"column":4},"end":{"line":54,"column":202}},"25":{"start":{"line":60,"column":0},"end":{"line":77,"column":3}},"26":{"start":{"line":61,"column":2},"end":{"line":66,"column":6}},"27":{"start":{"line":63,"column":4},"end":{"line":65,"column":27}},"28":{"start":{"line":68,"column":2},"end":{"line":75,"column":6}},"29":{"start":{"line":69,"column":4},"end":{"line":69,"column":167}},"30":{"start":{"line":70,"column":4},"end":{"line":70,"column":116}},"31":{"start":{"line":72,"column":39},"end":{"line":72,"column":92}},"32":{"start":{"line":74,"column":4},"end":{"line":74,"column":291}}},"fnMap":{"0":{"name":"(anonymous_0)","decl":{"start":{"line":27,"column":24},"end":{"line":27,"column":25}},"loc":{"start":{"line":27,"column":30},"end":{"line":58,"column":1}},"line":27},"1":{"name":"(anonymous_1)","decl":{"start":{"line":28,"column":19},"end":{"line":28,"column":20}},"loc":{"start":{"line":28,"column":25},"end":{"line":33,"column":3}},"line":28},"2":{"name":"(anonymous_2)","decl":{"start":{"line":35,"column":120},"end":{"line":35,"column":121}},"loc":{"start":{"line":35,"column":126},"end":{"line":46,"column":3}},"line":35},"3":{"name":"(anonymous_3)","decl":{"start":{"line":48,"column":99},"end":{"line":48,"column":100}},"loc":{"start":{"line":48,"column":105},"end":{"line":55,"column":3}},"line":48},"4":{"name":"(anonymous_4)","decl":{"start":{"line":60,"column":32},"end":{"line":60,"column":33}},"loc":{"start":{"line":60,"column":38},"end":{"line":77,"column":1}},"line":60},"5":{"name":"(anonymous_5)","decl":{"start":{"line":61,"column":19},"end":{"line":61,"column":20}},"loc":{"start":{"line":61,"column":25},"end":{"line":66,"column":3}},"line":61},"6":{"name":"(anonymous_6)","decl":{"start":{"line":68,"column":126},"end":{"line":68,"column":127}},"loc":{"start":{"line":68,"column":132},"end":{"line":75,"column":3}},"line":68}},"branchMap":{"0":{"loc":{"start":{"line":41,"column":4},"end":{"line":45,"column":5}},"type":"if","locations":[{"start":{"line":41,"column":4},"end":{"line":45,"column":5}},{"start":{"line":41,"column":4},"end":{"line":45,"column":5}}],"line":41}},"s":{"0":0,"1":0,"2":0,"3":0,"4":0,"5":0,"6":0,"7":0,"8":0,"9":0,"10":0,"11":0,"12":0,"13":0,"14":0,"15":0,"16":0,"17":0,"18":0,"19":0,"20":0,"21":0,"22":0,"23":0,"24":0,"25":0,"26":0,"27":0,"28":0,"29":0,"30":0,"31":0,"32":0},"f":{"0":0,"1":0,"2":0,"3":0,"4":0,"5":0,"6":0},"b":{"0":[0,0]},"all":true},"c:\\Users\\Oana\\Documents\\_Pluralsight\\Angular-AlbumStoreProductPage\\src\\spec\\part6\\app-product-list-selector.projects.spec.ts":{"path":"c:\\Users\\Oana\\Documents\\_Pluralsight\\Angular-AlbumStoreProductPage\\src\\spec\\part6\\app-product-list-selector.projects.spec.ts","statementMap":{"0":{"start":{"line":11,"column":33},"end":{"line":11,"column":38}},"1":{"start":{"line":13,"column":0},"end":{"line":18,"column":1}},"2":{"start":{"line":14,"column":2},"end":{"line":14,"column":106}},"3":{"start":{"line":15,"column":2},"end":{"line":15,"column":36}},"4":{"start":{"line":17,"column":2},"end":{"line":17,"column":37}},"5":{"start":{"line":20,"column":0},"end":{"line":61,"column":3}},"6":{"start":{"line":21,"column":2},"end":{"line":25,"column":6}},"7":{"start":{"line":22,"column":4},"end":{"line":24,"column":27}},"8":{"start":{"line":27,"column":2},"end":{"line":59,"column":6}},"9":{"start":{"line":28,"column":4},"end":{"line":28,"column":151}},"10":{"start":{"line":30,"column":20},"end":{"line":30,"column":57}},"11":{"start":{"line":31,"column":23},"end":{"line":31,"column":54}},"12":{"start":{"line":33,"column":27},"end":{"line":33,"column":28}},"13":{"start":{"line":33,"column":49},"end":{"line":33,"column":50}},"14":{"start":{"line":33,"column":72},"end":{"line":33,"column":73}},"15":{"start":{"line":35,"column":4},"end":{"line":47,"column":7}},"16":{"start":{"line":36,"column":6},"end":{"line":46,"column":7}},"17":{"start":{"line":37,"column":8},"end":{"line":39,"column":9}},"18":{"start":{"line":38,"column":10},"end":{"line":38,"column":52}},"19":{"start":{"line":40,"column":8},"end":{"line":42,"column":9}},"20":{"start":{"line":41,"column":10},"end":{"line":41,"column":50}},"21":{"start":{"line":43,"column":8},"end":{"line":45,"column":9}},"22":{"start":{"line":44,"column":10},"end":{"line":44,"column":50}},"23":{"start":{"line":50,"column":4},"end":{"line":58,"column":5}},"24":{"start":{"line":51,"column":6},"end":{"line":55,"column":7}},"25":{"start":{"line":52,"column":8},"end":{"line":52,"column":126}},"26":{"start":{"line":53,"column":13},"end":{"line":55,"column":7}},"27":{"start":{"line":57,"column":6},"end":{"line":57,"column":105}}},"fnMap":{"0":{"name":"(anonymous_0)","decl":{"start":{"line":20,"column":25},"end":{"line":20,"column":26}},"loc":{"start":{"line":20,"column":31},"end":{"line":61,"column":1}},"line":20},"1":{"name":"(anonymous_1)","decl":{"start":{"line":21,"column":19},"end":{"line":21,"column":20}},"loc":{"start":{"line":21,"column":25},"end":{"line":25,"column":3}},"line":21},"2":{"name":"(anonymous_2)","decl":{"start":{"line":27,"column":85},"end":{"line":27,"column":86}},"loc":{"start":{"line":27,"column":91},"end":{"line":59,"column":3}},"line":27},"3":{"name":"(anonymous_3)","decl":{"start":{"line":35,"column":23},"end":{"line":35,"column":24}},"loc":{"start":{"line":35,"column":34},"end":{"line":47,"column":5}},"line":35}},"branchMap":{"0":{"loc":{"start":{"line":36,"column":6},"end":{"line":46,"column":7}},"type":"if","locations":[{"start":{"line":36,"column":6},"end":{"line":46,"column":7}},{"start":{"line":36,"column":6},"end":{"line":46,"column":7}}],"line":36},"1":{"loc":{"start":{"line":37,"column":8},"end":{"line":39,"column":9}},"type":"if","locations":[{"start":{"line":37,"column":8},"end":{"line":39,"column":9}},{"start":{"line":37,"column":8},"end":{"line":39,"column":9}}],"line":37},"2":{"loc":{"start":{"line":40,"column":8},"end":{"line":42,"column":9}},"type":"if","locations":[{"start":{"line":40,"column":8},"end":{"line":42,"column":9}},{"start":{"line":40,"column":8},"end":{"line":42,"column":9}}],"line":40},"3":{"loc":{"start":{"line":43,"column":8},"end":{"line":45,"column":9}},"type":"if","locations":[{"start":{"line":43,"column":8},"end":{"line":45,"column":9}},{"start":{"line":43,"column":8},"end":{"line":45,"column":9}}],"line":43},"4":{"loc":{"start":{"line":50,"column":4},"end":{"line":58,"column":5}},"type":"if","locations":[{"start":{"line":50,"column":4},"end":{"line":58,"column":5}},{"start":{"line":50,"column":4},"end":{"line":58,"column":5}}],"line":50},"5":{"loc":{"start":{"line":51,"column":6},"end":{"line":55,"column":7}},"type":"if","locations":[{"start":{"line":51,"column":6},"end":{"line":55,"column":7}},{"start":{"line":51,"column":6},"end":{"line":55,"column":7}}],"line":51},"6":{"loc":{"start":{"line":51,"column":9},"end":{"line":51,"column":55}},"type":"binary-expr","locations":[{"start":{"line":51,"column":9},"end":{"line":51,"column":30}},{"start":{"line":51,"column":34},"end":{"line":51,"column":55}}],"line":51},"7":{"loc":{"start":{"line":53,"column":13},"end":{"line":55,"column":7}},"type":"if","locations":[{"start":{"line":53,"column":13},"end":{"line":55,"column":7}},{"start":{"line":53,"column":13},"end":{"line":55,"column":7}}],"line":53},"8":{"loc":{"start":{"line":53,"column":16},"end":{"line":53,"column":62}},"type":"binary-expr","locations":[{"start":{"line":53,"column":16},"end":{"line":53,"column":37}},{"start":{"line":53,"column":41},"end":{"line":53,"column":62}}],"line":53}},"s":{"0":0,"1":0,"2":0,"3":0,"4":0,"5":0,"6":0,"7":0,"8":0,"9":0,"10":0,"11":0,"12":0,"13":0,"14":0,"15":0,"16":0,"17":0,"18":0,"19":0,"20":0,"21":0,"22":0,"23":0,"24":0,"25":0,"26":0,"27":0},"f":{"0":0,"1":0,"2":0,"3":0},"b":{"0":[0,0],"1":[0,0],"2":[0,0],"3":[0,0],"4":[0,0],"5":[0,0],"6":[0,0],"7":[0,0],"8":[0,0]},"all":true},"c:\\Users\\Oana\\Documents\\_Pluralsight\\Angular-AlbumStoreProductPage\\src\\spec\\part6\\product-list-component-created.projects.spec.ts":{"path":"c:\\Users\\Oana\\Documents\\_Pluralsight\\Angular-AlbumStoreProductPage\\src\\spec\\part6\\product-list-component-created.projects.spec.ts","statementMap":{"0":{"start":{"line":3,"column":33},"end":{"line":3,"column":38}},"1":{"start":{"line":5,"column":0},"end":{"line":10,"column":1}},"2":{"start":{"line":6,"column":2},"end":{"line":6,"column":106}},"3":{"start":{"line":7,"column":2},"end":{"line":7,"column":36}},"4":{"start":{"line":9,"column":2},"end":{"line":9,"column":37}},"5":{"start":{"line":12,"column":0},"end":{"line":17,"column":3}},"6":{"start":{"line":13,"column":2},"end":{"line":15,"column":6}},"7":{"start":{"line":14,"column":4},"end":{"line":14,"column":151}}},"fnMap":{"0":{"name":"(anonymous_0)","decl":{"start":{"line":12,"column":20},"end":{"line":12,"column":21}},"loc":{"start":{"line":12,"column":26},"end":{"line":17,"column":1}},"line":12},"1":{"name":"(anonymous_1)","decl":{"start":{"line":13,"column":87},"end":{"line":13,"column":88}},"loc":{"start":{"line":13,"column":93},"end":{"line":15,"column":3}},"line":13}},"branchMap":{},"s":{"0":0,"1":0,"2":0,"3":0,"4":0,"5":0,"6":0,"7":0},"f":{"0":0,"1":0},"b":{},"all":true}}